 run             = 20000063
 subrun          = 9993
 event           = 11
 evttime         = 3.93558e+08
 beamtime        = -99999
 pot             = -99999
 isdata          = 0
 taulife         = 10400
 triggernumber   = 0
 triggertime     = -99999
 beamgatetime    = -99999
 triggerbits     = 0
 potbnb          = 0
 potnumitgt      = 0
 potnumi101      = 0
 nnuvtx          = 1
 nuvtxx          = 108.457
 nuvtxy          = -581.97
 nuvtxz          = 1031.72
 nuvtxpdg        = 12
 kNTracker       = 1
 kNVertexAlgos   = 1
 kNShowerAlgos   = 1
 mcevts_truth    = 1
 nuPDG_truth     = 16
 ccnc_truth      = 1
 mode_truth      = 1
 nuWeight_truth  = 5.75927e+07
 enu_truth       = 0.879826
 Q2_truth        = 0.215588
 W_truth         = 1.20224
 X_truth         = 0.276611
 Y_truth         = 0.471737
 hitnuc_truth    = 2112
 nuvtxx_truth    = 112.209
 nuvtxy_truth    = -584.902
 nuvtxz_truth    = 1028.87
 nu_dcosx_truth  = -0.80784
 nu_dcosy_truth  = -0.218967
 nu_dcosz_truth  = 0.547229
 lep_mom_truth   = 0.46478
 lep_dcosx_truth = -0.941881
 lep_dcosy_truth = -0.29408
 lep_dcosz_truth = -0.162409
 vx_flux         = -999
 vy_flux         = -999
 vz_flux         = -999
 pdpx_flux       = -999
 pdpy_flux       = -999
 pdpz_flux       = -999
 ppdxdz_flux     = -999
 ppdydz_flux     = -999
 pppz_flux       = -999
 ptype_flux      = -999
 ppvx_flux       = -999
 ppvy_flux       = -999
 ppvz_flux       = -999
 muparpx_flux    = -999
 muparpy_flux    = -999
 muparpz_flux    = -999
 mupare_flux     = -999
 tgen_flux       = -999
 tgptype_flux    = -999
 tgppx_flux      = -999
 tgppy_flux      = -999
 tgppz_flux      = -999
 tprivx_flux     = -999
 tprivy_flux     = -999
 tprivz_flux     = -999
 dk2gen_flux     = -999
 gen2vtx_flux    = 26.0046
 tpx_flux        = -999
 tpy_flux        = -999
 tpz_flux        = -999
 tptype_flux     = -999
 genie_no_primaries = 11
 genie_primaries_pdg = 16,
                  1000180400, 2112, 1000180390, 16, 2114, 2112, 111, 2112, 111, 2000000002
 genie_Eng       = 0.879826,
                  37.2155, 0.921249, 36.2943, 0.46478, 1.3363,
                  1.08214, 0.254155, 1.08214, 0.254155, 36.2943
 genie_Px        = -0.710759,
                  0, 0.0170017, -0.0170017, -0.437767, -0.25599,
                  -0.228421, -0.0275691, -0.228421, -0.0275691, -0.0170017
 genie_Py        = -0.192653,
                  0, 0.0472727, -0.0472727, -0.136683, -0.00869771,
                  -0.161653, 0.152955, -0.161653, 0.152955, -0.0472727
 genie_Pz        = 0.481466,
                  0, 0.0503056, -0.0503056, -0.0754844, 0.607256,
                  0.458191, 0.149065, 0.458191, 0.149065, -0.0503056
 genie_P         = 0.879826,
                  0, -nan, 0.783, 0.46478, 0.515167,
                  0.536886, 0.215351, 0.536886, 0.215351, 36.2943
 genie_status_code = 0,
                  0, 11, 2, 1, 3, 14, 14, 1, 1, 15
 genie_mass      = 0,
                  37.2155, 0.939565, 36.2858, 0, 1.233,
                  0.939565, 0.134977, 0.939565, 0.134977, 0
 genie_trackID   = 0,
                  1, 2, 3, 4, 5, 6, 7, 8, 9, 10
 genie_ND        = 0,
                  0, 0, 0, 0, 0, 0, 0, 0, 0, 0
 genie_mother    = -1,
                  -1, 1, 1, 0, 2, 5, 5, 6, 7, 3
 no_primaries    = 3
 geant_list_size = 44
 geant_list_size_in_tpcAV = 36
 pdg             = 16,
                  2112, 111, 22, 22, 2212, 2112, 2112, 2112, 22, 2112,
                  22, 2112, 1000170350, 1000180400, 1000180400, 1000180400, 22, 22, 22
 status          = 1,
                  1, 1, 1, 1, 1, 1, 1, 1, 1, 1,
                  1, 1, 1, 1, 1, 1, 1, 1, 1
 Mass            = 0,
                  0.939565, 0.134977, 0, 0, 0.938272,
                  0.939565, 0.939565, 0.939565, 0, 0.939565,
                  0, 0.939565, 32.5646, 37.2155, 37.2155,
                  37.2155, 0, 0, 0
 Eng             = 0.46478,
                  1.08214, 0.254155, 0.0509953, 0.203159, 1.01525,
                  0.948354, 0.943364, 0.941578, 0.00123695, 0.940674,
                  0.000490424, 0.939859, 32.5668, 37.2156, 37.2156,
                  37.2156, 0.00188752, 0.00410245, 0.000167333
 EndE            = 0.46478,
                  0.939565, 0.254155, 0, 0, 0.938272,
                  0.939565, 0.939565, 0.939566, 0, 0.939565,
                  0, 0.939576, 32.5646, 37.2155, 37.2155,
                  37.2155, 0, 0, 0
 Px              = -0.437767,
                  -0.228421, -0.0275691, 0.0436523, -0.0712214, -0.329923,
                  0.00723238, -0.0118403, 0.0609124, -0.000169956, 0.0378846,
                  -0.000233329, -0.00457751, 0.0122939, 0.0809649, -0.0723622,
                  -0.0726935, 0.00170244, -0.00167569, 0.000154228
 Py              = -0.136683,
                  -0.161653, 0.152955, 0.00884417, 0.144111, 0.0235729,
                  -0.100541, -0.0285514, -0.00757214, -0.000680949, 0.0215672,
                  -0.000327553, -0.00350117, -0.0656187, -0.00900563, -0.00750119,
                  -0.00396523, -0.000785818, -0.00374174, 6.44163e-05
 Pz              = -0.0754844,
                  0.458191, 0.149065, 0.024835, 0.12423, 0.202437,
                  -0.0802013, -0.0787276, 0.00426206, -0.00101856, 0.0135764,
                  -0.000280681, 0.0227752, 0.375368, 0.0128501, 0.00433871,
                  -0.00220601, -0.000216604, 0.000146831, -8.02738e-06
 P               = 0.46478,
                  0.536886, 0.215351, 0.0509953, 0.203159, 0.387796,
                  0.128814, 0.0845779, 0.061529, 0.00123695, 0.0456586,
                  0.000490424, 0.023493, 0.381259, 0.0824714, 0.0728792,
                  0.072835, 0.00188752, 0.00410245, 0.000167333
 StartPointx     = 112.209,
                  112.209, 112.209, 112.209, 112.209, 108.759,
                  108.759, 108.759, 108.759, 108.759, 108.759,
                  108.759, 108.759, 108.759, 160.627, 153.259,
                  176.954, 265.715, 265.715, 265.715
 StartPointy     = -584.902,
                  -584.902, -584.902, -584.902, -584.902, -587.344,
                  -587.344, -587.344, -587.344, -587.344, -587.344,
                  -587.344, -587.344, -587.344, -592.044, -589.67,
                  -564.414, -199.607, -199.607, -199.607
 StartPointz     = 1028.87,
                  1028.87, 1028.87, 1028.87, 1028.87, 1035.79,
                  1035.79, 1035.79, 1035.79, 1035.79, 1035.79,
                  1035.79, 1035.79, 1035.79, 984.83, 984.307,
                  980.075, 1438.89, 1438.89, 1438.89
 StartT          = 0,
                  0, 0, 7.14093e-08, 7.14093e-08, 0.545276,
                  0.545276, 0.545276, 0.545276, 0.545276, 0.545276,
                  0.545276, 0.545276, 0.545276, 73.3818, 79.2933,
                  120.706, 3788.13, 3788.13, 3788.4
 EndPointx       = -3609.66,
                  108.759, 112.209, 164.217, 109.285, 104.556,
                  109.798, 105.617, -65.0786, 113.765, 265.715,
                  101.291, -143.469, 108.759, 160.627, 153.259,
                  176.954, 304.934, 250.138, 247.307
 EndPointy       = -1746.97,
                  -587.344, -584.902, -574.365, -578.984, -587.15,
                  -601.798, -594.92, -607.636, -615.065, -199.607,
                  -599.332, -407.77, -587.344, -592.044, -589.67,
                  -564.414, -209.689, -228.316, -188.938
 EndPointz       = 387.104,
                  1035.79, 1028.87, 1058.46, 1033.97, 1038.38,
                  1024.26, 1014.9, 1063.93, 996.145, 1438.89,
                  1016.58, 1523.54, 1035.79, 984.83, 984.307,
                  980.075, 1432.09, 1442.63, 1443.47
 EndT            = 131.809,
                  0.545276, 7.14093e-08, 2.02663, 0.278276, 1.12599,
                  5.09305, 8.89581, 12425.8, 3.15391, 3788.13,
                  2.17585, 10966.8, 0.546141, 73.382, 79.2935,
                  120.706, 3790.05, 3789.32, 3792.02
 theta           = 1.73393,
                  0.548279, 0.806265, 1.06214, 0.91285, 1.02158,
                  2.24287, 2.76747, 1.50147, 2.53826, 1.26888,
                  2.18013, 0.247835, 0.176013, 1.41435, 1.51123,
                  1.60109, 1.68581, 1.535, 1.61879
 phi             = -2.83896,
                  -2.52572, 1.74912, 0.199899, 2.0298, 3.07026,
                  -1.49899, -1.96391, -0.123678, -1.81539, 0.517531,
                  -2.18975, -2.48865, -1.38559, -0.110774, -3.0383,
                  -3.0871, -0.432446, -1.99185, 0.395644
 theta_xz        = -1.74155,
                  -0.462469, -0.18288, 1.05354, -0.520556, -1.02044,
                  3.05166, -2.99232, 1.50094, -2.97626, 1.22669,
                  -2.44806, -0.198344, 0.0327399, 1.4134, -1.51091,
                  -1.60113, 1.69735, -1.4834, 1.6228
 theta_yz        = -2.07537,
                  -0.339173, 0.798276, 0.342113, 0.85935, 0.115923,
                  -2.24413, -2.79368, -1.05813, -2.5523, 1.00897,
                  -2.27928, -0.152533, -0.173063, -0.611279, -1.04641,
                  -2.07849, -1.83976, -1.53158, 1.69477
 pathlen         = 77.9607,
                  8.11004, 1.81391e-06, 60.7568, 8.34251, 4.93938,
                  18.5183, 22.4441, 1839.04, 32.6427, 1018.84,
                  46.8853, 873.952, 0.000303597, 1.44905e-05, 9.73858e-06,
                  9.71926e-06, 0, 0, 0
 inTPCActive     = 1,
                  1, 1, 1, 1, 1, 1, 1, 1, 1, 1,
                  1, 1, 1, 1, 1, 1, 0, 0, 0
 StartPointx_tpcAV = 112.209,
                  112.209, 112.209, 112.209, 112.209, 108.759,
                  108.759, 108.759, 108.759, 108.759, 108.759,
                  108.759, 108.759, 108.759, 160.627, 153.259,
                  176.954, -99999, -99999, -99999
 StartPointy_tpcAV = -584.902,
                  -584.902, -584.902, -584.902, -584.902, -587.344,
                  -587.344, -587.344, -587.344, -587.344, -587.344,
                  -587.344, -587.344, -587.344, -592.044, -589.67,
                  -564.414, -99999, -99999, -99999
 StartPointz_tpcAV = 1028.87,
                  1028.87, 1028.87, 1028.87, 1028.87, 1035.79,
                  1035.79, 1035.79, 1035.79, 1035.79, 1035.79,
                  1035.79, 1035.79, 1035.79, 984.83, 984.307,
                  980.075, -99999, -99999, -99999
 StartT_tpcAV    = 0,
                  0, 0, 7.14093e-08, 7.14093e-08, 0.545276,
                  0.545276, 0.545276, 0.545276, 0.545276, 0.545276,
                  0.545276, 0.545276, 0.545276, 73.3818, 79.2933,
                  120.706, -9.9e+08, -9.9e+08, -9.9e+08
 StartE_tpcAV    = 0.46478,
                  1.08214, 0.254155, 0.0509953, 0.203159, 1.01525,
                  0.948354, 0.943364, 0.941578, 0.00123695, 0.940674,
                  0.000490424, 0.939859, 32.5668, 37.2156, 37.2156,
                  37.2156, -99999, -99999, -99999
 StartP_tpcAV    = 0.46478,
                  0.536886, 0.215351, 0.0509953, 0.203159, 0.387796,
                  0.128814, 0.0845779, 0.061529, 0.00123695, 0.0456586,
                  0.000490424, 0.023493, 0.381259, 0.0824714, 0.0728792,
                  0.072835, -99999, -99999, -99999
 StartPx_tpcAV   = -0.437767,
                  -0.228421, -0.0275691, 0.0436523, -0.0712214, -0.329923,
                  0.00723238, -0.0118403, 0.0609124, -0.000169956, 0.0378846,
                  -0.000233329, -0.00457751, 0.0122939, 0.0809649, -0.0723622,
                  -0.0726935, -99999, -99999, -99999
 StartPy_tpcAV   = -0.136683,
                  -0.161653, 0.152955, 0.00884417, 0.144111, 0.0235729,
                  -0.100541, -0.0285514, -0.00757214, -0.000680949, 0.0215672,
                  -0.000327553, -0.00350117, -0.0656187, -0.00900563, -0.00750119,
                  -0.00396523, -99999, -99999, -99999
 StartPz_tpcAV   = -0.0754844,
                  0.458191, 0.149065, 0.024835, 0.12423, 0.202437,
                  -0.0802013, -0.0787276, 0.00426206, -0.00101856, 0.0135764,
                  -0.000280681, 0.0227752, 0.375368, 0.0128501, 0.00433871,
                  -0.00220601, -99999, -99999, -99999
 EndPointx_tpcAV = 38.7794,
                  108.759, 112.209, 164.217, 109.285, 104.556,
                  109.798, 105.617, -65.0786, 107.492, 238.236,
                  101.291, 21.3404, 108.759, 160.627, 153.259,
                  176.954, -99999, -99999, -99999
 EndPointy_tpcAV = -607.829,
                  -587.344, -584.902, -574.365, -578.984, -587.15,
                  -601.798, -594.92, -607.636, -607.829, -299.08,
                  -599.332, -484.315, -587.344, -592.044, -589.67,
                  -564.414, -99999, -99999, -99999
 EndPointz_tpcAV = 1016.21,
                  1035.79, 1028.87, 1058.46, 1033.97, 1038.38,
                  1024.26, 1014.9, 1063.93, 1010.95, 1393.46,
                  1016.58, 1393.46, 1035.79, 984.83, 984.307,
                  980.075, -99999, -99999, -99999
 EndT_tpcAV      = 2.60049,
                  0.545276, 7.14093e-08, 2.02663, 0.278276, 1.12599,
                  5.09305, 8.89581, 12425.8, 1.63412, 3458.67,
                  2.17585, 2208.44, 0.546141, 73.382, 79.2935,
                  120.706, -9.9e+08, -9.9e+08, -9.9e+08
 EndE_tpcAV      = 0.46478,
                  0.939565, 0.254155, 0, 0, 0.938272,
                  0.939565, 0.939565, 0.939566, 0.0010986, 0.939627,
                  0, 0.939625, 32.5646, 37.2155, 37.2155,
                  37.2155, -99999, -99999, -99999
 EndP_tpcAV      = 0.46478,
                  0, 0.215351, 0, 0, 0,
                  0, 0, 0.00095846, 0.0010986, 0.0107268,
                  0, 0.0106104, 0, 0, 0,
                  0, -99999, -99999, -99999
 EndPx_tpcAV     = -0.437767,
                  -0, -0.0275691, 0, -0, -0,
                  0, -0, 0.000690905, 9.89048e-05, 0.00261418,
                  0, -0.00315313, 0, 0, -0,
                  -0, -99999, -99999, -99999
 EndPy_tpcAV     = -0.136683,
                  -0, 0.152955, 0, 0, -0,
                  -0, -0, -0.000142095, -0.000800015, 0.00946325,
                  0, -0.000388088, -0, -0, -0,
                  -0, -99999, -99999, -99999
 EndPz_tpcAV     = -0.0754844,
                  0, 0.149065, 0, 0, 0,
                  -0, -0, -0.000648927, -0.000746402, 0.00432163,
                  0, 0.0101236, 0, 0, 0,
                  -0, -99999, -99999, -99999
 pathlen_drifted = 77.9603,
                  8.11, 1.81391e-06, 60.757, 8.3425, 4.9393,
                  18.5184, 22.4439, 1838.71, 32.6427, 1018.82,
                  46.8853, 873.922, 0.000303602, 1.45249e-05, 9.71213e-06,
                  9.69271e-06, 0, 0, 0
 inTPCDrifted    = 1,
                  1, 1, 1, 1, 1, 1, 1, 1, 1, 1,
                  1, 1, 1, 1, 1, 1, 0, 0, 0
 StartPointx_drifted = 112.209,
                  112.209, 112.209, 112.209, 112.209, 108.759,
                  108.759, 108.759, 108.759, 108.759, 108.759,
                  108.759, 108.759, 108.759, 160.639, 153.272,
                  176.973, -99999, -99999, -99999
 StartPointy_drifted = -584.902,
                  -584.902, -584.902, -584.902, -584.902, -587.344,
                  -587.344, -587.344, -587.344, -587.344, -587.344,
                  -587.344, -587.344, -587.344, -592.044, -589.67,
                  -564.414, -99999, -99999, -99999
 StartPointz_drifted = 1028.87,
                  1028.87, 1028.87, 1028.87, 1028.87, 1035.79,
                  1035.79, 1035.79, 1035.79, 1035.79, 1035.79,
                  1035.79, 1035.79, 1035.79, 984.83, 984.307,
                  980.075, -99999, -99999, -99999
 StartT_drifted  = 0,
                  0, 0, 7.14093e-08, 7.14093e-08, 0.545276,
                  0.545276, 0.545276, 0.545276, 0.545276, 0.545276,
                  0.545276, 0.545276, 0.545276, 73.3818, 79.2933,
                  120.706, -9.9e+08, -9.9e+08, -9.9e+08
 StartE_drifted  = 0.46478,
                  1.08214, 0.254155, 0.0509953, 0.203159, 1.01525,
                  0.948354, 0.943364, 0.941578, 0.00123695, 0.940674,
                  0.000490424, 0.939859, 32.5668, 37.2156, 37.2156,
                  37.2156, -99999, -99999, -99999
 StartP_drifted  = 0.46478,
                  0.536886, 0.215351, 0.0509953, 0.203159, 0.387796,
                  0.128814, 0.0845779, 0.061529, 0.00123695, 0.0456586,
                  0.000490424, 0.023493, 0.381259, 0.0824714, 0.0728792,
                  0.072835, -99999, -99999, -99999
 StartPx_drifted = -0.437767,
                  -0.228421, -0.0275691, 0.0436523, -0.0712214, -0.329923,
                  0.00723238, -0.0118403, 0.0609124, -0.000169956, 0.0378846,
                  -0.000233329, -0.00457751, 0.0122939, 0.0809649, -0.0723622,
                  -0.0726935, -99999, -99999, -99999
 StartPy_drifted = -0.136683,
                  -0.161653, 0.152955, 0.00884417, 0.144111, 0.0235729,
                  -0.100541, -0.0285514, -0.00757214, -0.000680949, 0.0215672,
                  -0.000327553, -0.00350117, -0.0656187, -0.00900563, -0.00750119,
                  -0.00396523, -99999, -99999, -99999
 StartPz_drifted = -0.0754844,
                  0.458191, 0.149065, 0.024835, 0.12423, 0.202437,
                  -0.0802013, -0.0787276, 0.00426206, -0.00101856, 0.0135764,
                  -0.000280681, 0.0227752, 0.375368, 0.0128501, 0.00433871,
                  -0.00220601, -99999, -99999, -99999
 EndPointx_drifted = 38.7799,
                  108.759, 112.209, 164.218, 109.285, 104.556,
                  109.799, 105.618, -63.0835, 107.492, 238.792,
                  101.291, 21.695, 108.759, 160.639, 153.272,
                  176.973, -99999, -99999, -99999
 EndPointy_drifted = -607.829,
                  -587.344, -584.902, -574.365, -578.984, -587.15,
                  -601.798, -594.92, -607.636, -607.829, -299.08,
                  -599.332, -484.315, -587.344, -592.044, -589.67,
                  -564.414, -99999, -99999, -99999
 EndPointz_drifted = 1016.21,
                  1035.79, 1028.87, 1058.46, 1033.97, 1038.38,
                  1024.26, 1014.9, 1063.93, 1010.95, 1393.46,
                  1016.58, 1393.46, 1035.79, 984.83, 984.307,
                  980.075, -99999, -99999, -99999
 EndT_drifted    = 0,
                  0, 0, 7.14093e-08, 7.14093e-08, 0.545276,
                  0.545276, 0.545276, 0.545276, 0.545276, 0.545276,
                  0.545276, 0.545276, 0.545276, 73.3818, 79.2933,
                  120.706, -9.9e+08, -9.9e+08, -9.9e+08
 EndE_drifted    = 0.46478,
                  0.939565, 0.254155, 0, 0, 0.938272,
                  0.939565, 0.939565, 0.939566, 0.0010986, 0.939627,
                  0, 0.939625, 32.5646, 37.2155, 37.2155,
                  37.2155, -99999, -99999, -99999
 EndP_drifted    = 0.46478,
                  0, 0.215351, 0, 0, 0,
                  0, 0, 0.00095846, 0.0010986, 0.0107268,
                  0, 0.0106104, 0, 0, 0,
                  0, -99999, -99999, -99999
 EndPx_drifted   = -0.437767,
                  -0, -0.0275691, 0, -0, -0,
                  0, -0, 0.000690905, 9.89048e-05, 0.00261418,
                  0, -0.00315313, 0, 0, -0,
                  -0, -99999, -99999, -99999
 EndPy_drifted   = -0.136683,
                  -0, 0.152955, 0, 0, -0,
                  -0, -0, -0.000142095, -0.000800015, 0.00946325,
                  0, -0.000388088, -0, -0, -0,
                  -0, -99999, -99999, -99999
 EndPz_drifted   = -0.0754844,
                  0, 0.149065, 0, 0, 0,
                  -0, -0, -0.000648927, -0.000746402, 0.00432163,
                  0, 0.0101236, 0, 0, 0,
                  -0, -99999, -99999, -99999
 NumberDaughters = 0,
                  9, 2, 0, 0, 0, 3, 4, 9, 0, 7,
                  0, 0, 0, 0, 0, 0, 0, 0, 0
 Mother          = 0,
                  0, 0, 3, 3, 2, 2, 2, 2, 2, 2,
                  2, 2, 2, 527, 527, 527, 527, 527, 527
 TrackId         = 1,
                  2, 3, 4, 5, 522, 523, 524, 525, 526, 527,
                  528, 529, 530, 541, 542, 543, 544, 545, 546
 MergedId        = 0,
                  0, 0, 0, 0, 0, 0, 0, 0, 0, 0,
                  0, 0, 0, 0, 0, 0, 0, 0, 0
 origin          = 1,
                  1, 1, 1, 1, 1, 1, 1, 1, 1, 1,
                  1, 1, 1, 1, 1, 1, 1, 1, 1
 MCTruthIndex    = 0,
                  0, 0, 0, 0, 0, 0, 0, 0, 0, 0,
                  0, 0, 0, 0, 0, 0, 0, 0, 0
 process_primary = 1,
                  1, 1, 0, 0, 0, 0, 0, 0, 0, 0,
                  0, 0, 0, 0, 0, 0, 0, 0, 0
 processname_geant = (vector<string>*)0x3b33710
 nPFParticles    = 4
 pfp_selfID      = 0,
                  1, 2, 3
 pfp_isPrimary   = 0,
                  0, 0, 1
 pfp_numDaughters = 0,
                  0, 0, 3
 pfp_daughterIDs = -9999,
                  -9999, -9999, -9999, -9999, -9999, -9999, -9999, -9999, -9999, -9999,
                  -9999, -9999, -9999, -9999, -9999, -9999, -9999, -9999, -9999
 pfp_parentID    = 3,
                  3, 3, -1
 pfp_vertexID    = 0,
                  1, 2, 3
 pfp_isShower    = 1,
                  1, 0, 0
 pfp_isTrack     = 0,
                  0, 1, 0
 pfp_trackID     = -9999,
                  -9999, 2, -9999
 pfp_showerID    = -999,
                  -999, -9999, -9999
 pfp_pdgCode     = 11,
                  11, 13, 12
 pfp_numClusters = 3,
                  2, 2, 0
 pfp_clusterIDs  = 2,
                  1, 0, -9999, -9999, -9999, -9999, -9999, -9999, -9999, -9999,
                  -9999, -9999, -9999, -9999, -9999, -9999, -9999, -9999, -9999
 pfp_isNeutrino  = 0,
                  0, 0, 1
 pfp_numNeutrinos = 1
 pfp_neutrinoIDs = 3,
                  -9999, -9999, -9999, -9999
 nshowers_pandoraShower = 3
 showerID_pandoraShower = -999,
                  -999, -999
 shwr_bestplane_pandoraShower = 1,
                  0, 1
 shwr_length_pandoraShower = 64.021,
                  10.8936, 5.50986
 shwr_startdcosx_pandoraShower = -0.36611,
                  0.826034, -0.780228
 shwr_startdcosy_pandoraShower = 0.63172,
                  0.0969918, 0.139003
 shwr_startdcosz_pandoraShower = 0.683296,
                  0.555212, 0.609854
 shwr_startx_pandoraShower = 107.44,
                  164.515, 108.656
 shwr_starty_pandoraShower = -577.03,
                  -574.224, -582.229
 shwr_startz_pandoraShower = 1036.77,
                  1058.53, 1031.39
 shwr_totEng_pandoraShower = 162.794,
                  184.396, 235.507, 42.5824, -999, 44.3571,
                  54.6576, 44.1427, -999
 shwr_dedx_pandoraShower = 3.21052,
                  3.04846, 3.62099, 2.01964, -999, 1.60251,
                  1.69723, 16.2587, -999
 shwr_mipEng_pandoraShower = -99999,
                  -99999, -99999, -99999, -99999, -99999,
                  -99999, -99999, -99999
 shwr_hasPFParticle_pandoraShower = 1,
                  1, 1
 shwr_PFParticleID_pandoraShower = 0,
                  0, 0
 shwr_pidmvamu_pandoraShower = -99999,
                  -99999, -99999
 shwr_pidmvae_pandoraShower = -99999,
                  -99999, -99999
 shwr_pidmvapich_pandoraShower = -99999,
                  -99999, -99999
 shwr_pidmvaphoton_pandoraShower = -99999,
                  -99999, -99999
 shwr_pidmvapr_pandoraShower = -99999,
                  -99999, -99999
 ntracks_pandoraTrack = 3
 trkId_pandoraTrack = 0,
                  1, 2
 trkncosmictags_tagger_pandoraTrack = -9999,
                  -9999, -9999
 trkcosmicscore_tagger_pandoraTrack = -99999,
                  -99999, -99999
 trkcosmictype_tagger_pandoraTrack = -9999,
                  -9999, -9999
 trkncosmictags_containmenttagger_pandoraTrack = -9999,
                  -9999, -9999
 trkcosmicscore_containmenttagger_pandoraTrack = -99999,
                  -99999, -99999
 trkcosmictype_containmenttagger_pandoraTrack = -9999,
                  -9999, -9999
 trkncosmictags_flashmatch_pandoraTrack = -9999,
                  -9999, -9999
 trkcosmicscore_flashmatch_pandoraTrack = -99999,
                  -99999, -99999
 trkcosmictype_flashmatch_pandoraTrack = -9999,
                  -9999, -9999
 trkke_pandoraTrack = 182.334,
                  184.067, 260.549, 43.2363, -99999, 50.9373,
                  38.0875, 87.1387, -99999
 trkrange_pandoraTrack = 68.1838,
                  68.5265, 69.6749, 10.0831, -99999, 11.2048,
                  5.53701, 4.80914, -99999
 trkidtruth_pandoraTrack = 5,
                  5, 5, 4, -1, 4, 5, 522, -1
 trkorigin_pandoraTrack = 1,
                  1, 1, 1, -1, 1, 1, 1, -1
 trkpdgtruth_pandoraTrack = 22,
                  22, 22, 22, -99999, 22, 22, 2212, -99999
 trkefftruth_pandoraTrack = 0.566746,
                  0.84917, 0.852654, 0.780239, -99999, 0.716037,
                  0.284856, 0.959748, -99999
 trkpurtruth_pandoraTrack = 0.598631,
                  1, 0.730314, 1, -1, 1,
                  1, 1, -1
 trkpitchc_pandoraTrack = 0.912638,
                  0.477523, 0.522519, 1.2541, -99999, 0.893645,
                  1.12707, 0.809795, -99999
 ntrkhits_pandoraTrack = 53,
                  108, 83, 21, -9999, 17, 9, 8, -9999
 trkdedx_pandoraTrack = 1.65702,
                  0.601188, 1.66111, 0.980253, 1.14816, 2.06327,
                  2.47992, 1.82026, 1.42958, 3.59452, 3.40962,
                  1.48058, 0.703876, 0.811518, 0.841155, 1.01574,
                  0.89575, 0.622667, 0.891822, 0.658291
 trkdqdx_pandoraTrack = 231.209,
                  68.6183, 231.742, 131.817, 157.962, 284.289,
                  334.449, 253.096, 199.536, 452.026, 433.856,
                  206.713, 86.3269, 104.406, 109.249, 137.326,
                  118.132, 72.257, 117.393, 78.3856
 trkresrg_pandoraTrack = 0.0691358,
                  0.207408, 0.551489, 0.595968, 0.913471, 2.51379,
                  3.47495, 4.55104, 5.11679, 5.36025, 5.87354,
                  6.86065, 13.1285, 13.3203, 13.5942, 13.6945,
                  13.8839, 14.8562, 15.5429, 15.6816
 trktpc_pandoraTrack = 17,
                  17, 17, 17, 17, 17, 17, 17, 17, 17, 17,
                  17, 17, 17, 17, 17, 17, 17, 17, 17
 trkxyz_pandoraTrack = 84.6117,
                  -536.467, 1085.19, 84.6142, -536.522, 1085.06,
                  84.6203, -536.66, 1084.75, 84.6211, -536.678,
                  1084.71, 84.6267, -536.804, 1084.42, 84.6513,
                  -537.442, 1082.95, 84.7458, -537.876
 trkstartx_pandoraTrack = 107.778,
                  164.291, 108.656
 trkstarty_pandoraTrack = -577.211,
                  -573.677, -582.229
 trkstartz_pandoraTrack = 1037.11,
                  1058.77, 1031.39
 trkstartd_pandoraTrack = 30.6181,
                  34.1522, 25.5997
 trkendx_pandoraTrack = 84.5923,
                  173.369, 104.336
 trkendy_pandoraTrack = -536.028,
                  -573.13, -581.459
 trkendz_pandoraTrack = 1086.2,
                  1065.07, 1034.77
 trkendd_pandoraTrack = 71.801,
                  34.6989, 26.3694
 trkflashT0_pandoraTrack = -99999,
                  -99999, -99999
 trktrueT0_pandoraTrack = -99999,
                  -99999, -99999
 trkg4id_pandoraTrack = 5,
                  4, 522
 trkorig_pandoraTrack = 1,
                  1, 1
 trkpurity_pandoraTrack = 0.765523,
                  1, 0.563413
 trkcompleteness_pandoraTrack = 0.869017,
                  0.595401, 0.347152
 trktheta_pandoraTrack = 0.695505,
                  0.908763, 0.914905
 trkphi_pandoraTrack = 2.26058,
                  -0.0864635, 2.96532
 trkstartdcosx_pandoraTrack = -0.407769,
                  0.785797, -0.780223
 trkstartdcosy_pandoraTrack = 0.494282,
                  -0.0681126, 0.138978
 trkstartdcosz_pandoraTrack = 0.76773,
                  0.614722, 0.609866
 trkenddcosx_pandoraTrack = -0.0176614,
                  0.837371, -0.780223
 trkenddcosy_pandoraTrack = 0.399155,
                  0.107908, 0.138978
 trkenddcosz_pandoraTrack = 0.916713,
                  0.535878, 0.609866
 trkthetaxz_pandoraTrack = -0.488245,
                  0.906947, -0.907342
 trkthetayz_pandoraTrack = 0.57202,
                  -0.110352, 0.224056
 trkmom_pandoraTrack = 1,
                  1, 1
 trkmomrange_pandoraTrack = 0.272334,
                  0.116235, 0.089812
 trkmommschi2_pandoraTrack = -99999,
                  -99999, -99999
 trkmommsllhd_pandoraTrack = -99999,
                  -99999, -99999
 trklen_pandoraTrack = 69.7623,
                  11.2492, 5.53701
 trksvtxid_pandoraTrack = -1,
                  -1, -1
 trkevtxid_pandoraTrack = -1,
                  -1, -1
 trkpidmvamu_pandoraTrack = -99999,
                  -99999, -99999
 trkpidmvae_pandoraTrack = -99999,
                  -99999, -99999
 trkpidmvapich_pandoraTrack = -99999,
                  -99999, -99999
 trkpidmvaphoton_pandoraTrack = -99999,
                  -99999, -99999
 trkpidmvapr_pandoraTrack = -99999,
                  -99999, -99999
 trkpidndf_pandoraTrack = 19,
                  27, 23, 19, -9999, 15, 7, 6, -9999
 trkpidchi_pandoraTrack = -99999,
                  -99999, -99999, -99999, -99999, -99999,
                  -99999, -99999, -99999
 trkpidchipr_pandoraTrack = 250.424,
                  221.532, 176.317, 247.184, -99999, 195.372,
                  156.61, 33.077, -99999
 trkpidchika_pandoraTrack = 135.754,
                  98.512, 82.262, 140.193, -99999, 89.3993,
                  84.0206, 20.8988, -99999
 trkpidchipi_pandoraTrack = 33.1054,
                  21.5707, 19.913, 42.431, -99999, 30.985,
                  32.3535, 23.286, -99999
 trkpidchimu_pandoraTrack = 22.6522,
                  12.4336, 13.0362, 31.3031, -99999, 22.5441,
                  25.337, 24.4157, -99999
 trkpidpida_pandoraTrack = 2.70421,
                  4.12335, 4.43193, 2.18894, -99999, 4.70172,
                  1.55701, 25.8357, -99999
 trkpidbestplane_pandoraTrack = 1,
                  0, 0
 trkhasPFParticle_pandoraTrack = 0,
                  0, 1
 trkPFParticleID_pandoraTrack = -1,
                  -1, 2
 nvtx_pandora    = 4
 vtxId_pandora   = 0,
                  1, 2, 3
 vtxx_pandora    = 107.44,
                  164.515, 108.656, 108.457
 vtxy_pandora    = -577.03,
                  -574.224, -582.229, -581.97
 vtxz_pandora    = 1036.77,
                  1058.53, 1031.39, 1031.72
 vtxhasPFParticle_pandora = 1,
                  1, 1, 1
 vtxPFParticleID_pandora = 0,
                  1, 2, 3
