[0mroot [8] anatree->Show(0[D[D[0m[38;5;83m[1m([0m0[0m[38;5;83m[1m)
[0m======> EVENT:0
 run             = 20000063
 subrun          = 0
 event           = 1
 evttime         = 3.93376e+08
 beamtime        = -99999
 pot             = -99999
 isdata          = 0
 taulife         = 10400
 triggernumber   = 0
 triggertime     = -99999
 beamgatetime    = -99999
 triggerbits     = 0
 potbnb          = 0
 potnumitgt      = 0
 potnumi101      = 0
 nnuvtx          = 1
 nuvtxx          = 277.473
 nuvtxy          = 448.944
 nuvtxz          = 526.984
 nuvtxpdg        = 12
 kNTracker       = 1
 kNVertexAlgos   = 1
 kNShowerAlgos   = 1
 mcevts_truth    = 1
 nuPDG_truth     = 14
 ccnc_truth      = 1
 mode_truth      = 1
 nuWeight_truth  = 4.23346e+07
 tgt_px          = 0
 tgt_py          = 0
 tgt_pz          = 0
 enu_truth       = 0.787418
 Q2_truth        = 0.387183
 W_truth         = 1.31115
 X_truth         = 0.316137
 Y_truth         = 0.82828
 hitnuc_truth    = 2112
 nuvtxx_truth    = 278.822
 nuvtxy_truth    = 447.7
 nuvtxz_truth    = 525.585
 nu_dcosx_truth  = -0.569203
 nu_dcosy_truth  = 0.452009
 nu_dcosz_truth  = -0.686808
 lep_mom_truth   = 0.135215
 lep_dcosx_truth = 0.10672
 lep_dcosy_truth = -0.194103
 lep_dcosz_truth = 0.975159
 vx_flux         = -999
 vy_flux         = -999
 vz_flux         = -999
 pdpx_flux       = -999
 pdpy_flux       = -999
 pdpz_flux       = -999
 ppdxdz_flux     = -999
 ppdydz_flux     = -999
 pppz_flux       = -999
 ptype_flux      = -999
 ppvx_flux       = -999
 ppvy_flux       = -999
 ppvz_flux       = -999
 muparpx_flux    = -999
 muparpy_flux    = -999
 muparpz_flux    = -999
 mupare_flux     = -999
 tgen_flux       = -999
 tgptype_flux    = -999
 tgppx_flux      = -999
 tgppy_flux      = -999
 tgppz_flux      = -999
 tprivx_flux     = -999
 tprivy_flux     = -999
 tprivz_flux     = -999
 dk2gen_flux     = -999
 gen2vtx_flux    = 16.8269
 tpx_flux        = -999
 tpy_flux        = -999
 tpz_flux        = -999
 tptype_flux     = -999
 genie_no_primaries = 12
 genie_primaries_pdg = 14, 
                  1000180400, 2112, 1000180390, 14, 2114, 2112, 111, 2112, 111, 2212, 
                  2000000002
 genie_Eng       = 0.787418, 
                  37.2155, 0.931435, 36.2841, 0.135215, 1.58364, 
                  1.17523, 0.408408, 1.17523, 0.182016, 1.1716, 
                  35.3389
 genie_Px        = -0.448201, 
                  0, -0.226261, 0.226261, 0.0144301, -0.688892, 
                  -0.539569, -0.149323, -0.539569, 0.0676307, -0.186182, 
                  0.195489
 genie_Py        = 0.35592, 
                  0, 0.14087, -0.14087, -0.0262457, 0.523035, 
                  0.235613, 0.287423, 0.235613, -0.101407, 0.632709, 
                  -0.384749
 genie_Pz        = -0.540805, 
                  0, 0.0741596, -0.0741596, 0.131856, -0.598502, 
                  -0.389531, -0.208971, -0.389531, 0.00733744, -0.239411, 
                  -0.0510574
 genie_P         = 0.787418, 
                  0, -nan, -nan, 0.135215, 0.99379, 
                  0.705962, 0.385458, 0.705962, 0.122111, 0.701642, 
                  35.3389
 genie_status_code = 0, 
                  0, 11, 2, 1, 3, 14, 14, 1, 1, 1, 
                  15
 genie_mass      = 0, 
                  37.2155, 0.939565, 36.2858, 0, 1.233, 
                  0.939565, 0.134977, 0.939565, 0.134977, 0.938272, 
                  0
 genie_trackID   = 0, 
                  1, 2, 3, 4, 5, 6, 7, 8, 9, 10, 
                  11
 genie_ND        = 0, 
                  0, 0, 0, 0, 0, 0, 0, 0, 0, 0, 
                  0
 genie_mother    = -1, 
                  -1, 1, 1, 0, 2, 5, 5, 6, 7, 7, 
                  3
 no_primaries    = 4
 geant_list_size = 116
 geant_list_size_in_tpcAV = 116
 pdg             = 14, 
                  111, 2212, 2112, 2212, 2112, 2112, 22, 2112, 22, 22, 
                  1000170370, 1000180400, 1000180400, 1000180400, 1000180400, 1000180400, 1000180400, 1000180400, 2112
 status          = 1, 
                  1, 1, 1, 1, 1, 1, 1, 1, 1, 1, 
                  1, 1, 1, 1, 1, 1, 1, 1, 1
 Mass            = 0, 
                  0.134977, 0.938272, 0.939565, 0.938272, 0.939565, 
                  0.939565, 0, 0.939565, 0, 0, 
                  34.4248, 37.2155, 37.2155, 37.2155, 37.2155, 
                  37.2155, 37.2155, 37.2155, 0.939565
 Eng             = 0.135215, 
                  0.182016, 1.1716, 1.17523, 1.08589, 0.967239, 
                  0.962184, 0.00604203, 0.941998, 0.000705659, 0.000210776, 
                  34.4265, 37.2156, 37.2157, 37.2157, 37.2157, 
                  37.2156, 37.2156, 37.2157, 0.942438
 EndE            = 0.135215, 
                  0.182016, 0.938272, 0.939565, 0.938272, 0.939565, 
                  0.939565, 0, 0.939587, 0, 0, 
                  34.4248, 37.2155, 37.2155, 37.2155, 37.2155, 
                  37.2155, 37.2155, 37.2155, 0.939565
 Px              = 0.0144301, 
                  0.0676307, -0.186182, -0.539569, -0.493166, 0.0596589, 
                  0.0781566, -0.00550468, 0.0559342, -0.000392042, -8.67901e-05, 
                  -0.234169, 0.0832409, -0.00457482, -0.0676407, 0.0819312, 
                  -0.00250121, -0.0522805, 0.0626731, 0.042217
 Py              = -0.0262457, 
                  -0.101407, 0.632709, 0.235613, 0.135253, 0.0933154, 
                  0.0241236, 0.000271655, -0.000762285, -0.000400241, 0.000178452, 
                  -0.0163664, 0.0217264, 0.0149048, 0.0734609, -0.0712557, 
                  0.0504562, 0.0129463, -0.0439348, 0.0378098
 Pz              = 0.131856, 
                  0.00733744, -0.239411, -0.389531, -0.193144, -0.201252, 
                  -0.190589, -0.00247604, -0.038063, -0.000429028, 7.10568e-05, 
                  0.23635, 0.0178939, -0.123621, 0.0240658, -0.00457492, 
                  -0.073505, 0.072205, -0.0564316, 0.0468362
 P               = 0.135215, 
                  0.122111, 0.701642, 0.705962, 0.546636, 0.229716, 
                  0.207399, 0.00604203, 0.0676609, 0.000705659, 0.000210776, 
                  0.333113, 0.0878708, 0.1246, 0.102718, 0.108679, 
                  0.0891912, 0.0900801, 0.0950932, 0.073522
 StartPointx     = 278.822, 
                  278.822, 278.822, 278.822, 261.629, 261.629, 
                  261.629, 261.629, 261.629, 261.629, 261.629, 
                  261.629, 271.449, 261.684, 249.644, 253.84, 
                  240.926, 239.4, 247.948, 269.389
 StartPointy     = 447.7, 
                  447.7, 447.7, 447.7, 455.208, 455.208, 
                  455.208, 455.208, 455.208, 455.208, 455.208, 
                  455.208, 455.074, 460.507, 479.738, 478.033, 
                  501.738, 500.828, 494.205, 455.705
 StartPointz     = 525.585, 
                  525.585, 525.585, 525.585, 513.172, 513.172, 
                  513.172, 513.172, 513.172, 513.172, 513.172, 
                  513.172, 506.49, 473.045, 499.073, 499.764, 
                  527.198, 530.629, 523.455, 490.584
 StartT          = 0, 
                  0, 0, 0, 1.24918, 1.24918, 
                  1.24918, 1.24918, 1.24918, 1.24918, 1.24918, 
                  1.24918, 6.76591, 24.0284, 43.2188, 45.6159, 
                  85.4336, 87.8159, 96.1535, 4.957
 EndPointx       = 675.827, 
                  278.822, 276.238, 261.629, 247.823, 293.2, 
                  269.389, 182.756, -202.721, 246.731, 262.539, 
                  261.629, 271.449, 261.684, 249.644, 253.84, 
                  240.926, 239.4, 247.948, 277.325
 EndPointy       = -274.375, 
                  447.7, 456.879, 455.208, 459.603, 481.533, 
                  455.705, 461.977, 618.545, 448.344, 458.332, 
                  455.208, 455.074, 460.507, 479.738, 478.033, 
                  501.738, 500.828, 494.205, 464.235
 EndPointz       = 4153.24, 
                  525.585, 522.346, 513.172, 507.568, 454.869, 
                  490.584, 473.36, 1024.31, 501.738, 516.002, 
                  513.173, 506.49, 473.045, 499.073, 499.764, 
                  527.198, 530.629, 523.455, 499.581
 EndT            = 124.088, 
                  6.11207e-09, 0.582021, 1.24918, 2.61742, 11.4218, 
                  4.957, 4.6409, 10080, 2.19364, 1.40206, 
                  1.25022, 6.76616, 24.0289, 43.2192, 45.6163, 
                  85.4338, 87.8162, 96.1538, 11.6892
 theta           = 0.223359, 
                  1.51067, 1.91901, 2.15529, 1.93193, 2.63849, 
                  2.7362, 1.99303, 2.16827, 2.22431, 1.22694, 
                  0.781981, 1.36572, 3.01613, 1.33431, 1.6129, 
                  2.53946, 0.640889, 2.20612, 0.880148
 phi             = -1.0681, 
                  -0.982615, 1.85698, 2.72988, 2.87392, 1.00196, 
                  0.29938, 3.09228, -0.0136274, -2.34585, 2.02346, 
                  -3.07181, 0.25531, 1.8686, 2.31497, -0.715821, 
                  1.62033, 2.89884, -0.611408, 0.730382
 theta_xz        = 0.109004, 
                  1.46273, -2.48062, -2.19609, -1.94408, 2.85341, 
                  2.75243, -1.99349, 2.16831, -2.40121, -0.884744, 
                  -0.780763, 1.35905, -3.1046, -1.22897, 1.62658, 
                  -3.10758, -0.62669, 2.30384, 0.733574
 theta_yz        = -0.196479, 
                  -1.49857, 1.93254, 2.59761, 2.53069, 2.70743, 
                  3.01569, 3.03232, -3.12157, -2.39089, 1.19186, 
                  -0.069136, 0.881828, 3.0216, 1.25421, -1.63491, 
                  2.54003, 0.177414, -2.48007, 0.679162
 pathlen         = 792.299, 
                  1.22929e-07, 10.0705, 22.4953, 15.5358, 72.3677, 
                  23.9545, 101.681, 2966.09, 28.3142, 4.58333, 
                  0.000300597, 1.76917e-05, 4.83801e-05, 2.83268e-05, 3.33062e-05, 
                  1.85299e-05, 1.91063e-05, 2.25376e-05, 15.7181
 inTPCActive     = 1, 
                  1, 1, 1, 1, 1, 1, 1, 1, 1, 1, 
                  1, 1, 1, 1, 1, 1, 1, 1, 1
 StartPointx_tpcAV = 278.822, 
                  278.822, 278.822, 278.822, 261.629, 261.629, 
                  261.629, 261.629, 261.629, 261.629, 261.629, 
                  261.629, 271.449, 261.684, 249.644, 253.84, 
                  240.926, 239.4, 247.948, 269.389
 StartPointy_tpcAV = 447.7, 
                  447.7, 447.7, 447.7, 455.208, 455.208, 
                  455.208, 455.208, 455.208, 455.208, 455.208, 
                  455.208, 455.074, 460.507, 479.738, 478.033, 
                  501.738, 500.828, 494.205, 455.705
 StartPointz_tpcAV = 525.585, 
                  525.585, 525.585, 525.585, 513.172, 513.172, 
                  513.172, 513.172, 513.172, 513.172, 513.172, 
                  513.172, 506.49, 473.045, 499.073, 499.764, 
                  527.198, 530.629, 523.455, 490.584
 StartT_tpcAV    = 0, 
                  0, 0, 0, 1.24918, 1.24918, 
                  1.24918, 1.24918, 1.24918, 1.24918, 1.24918, 
                  1.24918, 6.76591, 24.0284, 43.2188, 45.6159, 
                  85.4336, 87.8159, 96.1535, 4.957
 StartE_tpcAV    = 0.135215, 
                  0.182016, 1.1716, 1.17523, 1.08589, 0.967239, 
                  0.962184, 0.00604203, 0.941998, 0.000705659, 0.000210776, 
                  34.4265, 37.2156, 37.2157, 37.2157, 37.2157, 
                  37.2156, 37.2156, 37.2157, 0.942438
 StartP_tpcAV    = 0.135215, 
                  0.122111, 0.701642, 0.705962, 0.546636, 0.229716, 
                  0.207399, 0.00604203, 0.0676609, 0.000705659, 0.000210776, 
                  0.333113, 0.0878708, 0.1246, 0.102718, 0.108679, 
                  0.0891912, 0.0900801, 0.0950932, 0.073522
 StartPx_tpcAV   = 0.0144301, 
                  0.0676307, -0.186182, -0.539569, -0.493166, 0.0596589, 
                  0.0781566, -0.00550468, 0.0559342, -0.000392042, -8.67901e-05, 
                  -0.234169, 0.0832409, -0.00457482, -0.0676407, 0.0819312, 
                  -0.00250121, -0.0522805, 0.0626731, 0.042217
 StartPy_tpcAV   = -0.0262457, 
                  -0.101407, 0.632709, 0.235613, 0.135253, 0.0933154, 
                  0.0241236, 0.000271655, -0.000762285, -0.000400241, 0.000178452, 
                  -0.0163664, 0.0217264, 0.0149048, 0.0734609, -0.0712557, 
                  0.0504562, 0.0129463, -0.0439348, 0.0378098
 StartPz_tpcAV   = 0.131856, 
                  0.00733744, -0.239411, -0.389531, -0.193144, -0.201252, 
                  -0.190589, -0.00247604, -0.038063, -0.000429028, 7.10568e-05, 
                  0.23635, 0.0178939, -0.123621, 0.0240658, -0.00457492, 
                  -0.073505, 0.072205, -0.0564316, 0.0468362
 EndPointx_tpcAV = 363.376, 
                  278.822, 276.238, 261.629, 247.823, 293.2, 
                  269.389, 182.756, -229.376, 246.731, 262.539, 
                  261.629, 271.449, 261.684, 249.644, 253.84, 
                  240.926, 239.4, 247.948, 277.325
 EndPointy_tpcAV = 293.913, 
                  447.7, 456.879, 455.208, 459.603, 481.533, 
                  455.705, 461.977, 607.829, 448.344, 458.332, 
                  455.208, 455.074, 460.507, 479.738, 478.033, 
                  501.738, 500.828, 494.205, 464.235
 EndPointz_tpcAV = 1298.2, 
                  525.585, 522.346, 513.172, 507.568, 454.869, 
                  490.584, 473.36, 1044.84, 501.738, 516.002, 
                  513.173, 506.49, 473.045, 499.073, 499.764, 
                  527.198, 530.629, 523.455, 499.581
 EndT_tpcAV      = 26.4282, 
                  6.11207e-09, 0.582021, 1.24918, 2.61742, 11.4218, 
                  4.957, 4.6409, 9914.15, 2.19364, 1.40206, 
                  1.25022, 6.76616, 24.0289, 43.2192, 45.6163, 
                  85.4338, 87.8162, 96.1538, 11.6892
 EndE_tpcAV      = 0.135215, 
                  0.182016, 0.938272, 0.939565, 0.938272, 0.939565, 
                  0.939565, 0, 0.939589, 0, 0, 
                  34.4248, 37.2155, 37.2155, 37.2155, 37.2155, 
                  37.2155, 37.2155, 37.2155, 0.939565
 EndP_tpcAV      = 0.135215, 
                  0.122111, 0, 0, 0, 0, 
                  0, 0, 0.00667218, 0, 0, 
                  0, 0, 0, 0, 0, 
                  0, 0, 0, 0
 EndPx_tpcAV     = 0.0144301, 
                  0.0676307, -0, -0, -0, 0, 
                  0, 0, 0.00503694, -0, 0, 
                  -0, 0, -0, -0, 0, 
                  -0, -0, 0, -0
 EndPy_tpcAV     = -0.0262457, 
                  -0.101407, 0, 0, 0, 0, 
                  -0, -0, 0.00202494, 0, 0, 
                  -0, 0, 0, 0, -0, 
                  0, 0, -0, 0
 EndPz_tpcAV     = 0.131856, 
                  0.00733744, -0, -0, -0, -0, 
                  -0, 0, -0.00387903, 0, 0, 
                  0, 0, -0, 0, -0, 
                  -0, 0, -0, -0
 pathlen_drifted = 792.299, 
                  1.22929e-07, 10.0705, 22.4952, 15.5356, 72.3684, 
                  23.9547, 101.681, 2965.87, 28.3141, 4.58333, 
                  0.00030048, 1.77297e-05, 4.83773e-05, 2.82906e-05, 3.33523e-05, 
                  1.85288e-05, 1.90818e-05, 2.25687e-05, 15.7187
 inTPCDrifted    = 1, 
                  1, 1, 1, 1, 1, 1, 1, 1, 1, 1, 
                  1, 1, 1, 1, 1, 1, 1, 1, 1
 StartPointx_drifted = 278.822, 
                  278.822, 278.822, 278.822, 261.629, 261.629, 
                  261.629, 261.629, 261.629, 261.629, 261.629, 
                  261.629, 271.45, 261.687, 249.651, 253.848, 
                  240.94, 239.414, 247.964, 269.39
 StartPointy_drifted = 447.7, 
                  447.7, 447.7, 447.7, 455.208, 455.208, 
                  455.208, 455.208, 455.208, 455.208, 455.208, 
                  455.208, 455.074, 460.507, 479.738, 478.033, 
                  501.738, 500.828, 494.205, 455.705
 StartPointz_drifted = 525.585, 
                  525.585, 525.585, 525.585, 513.172, 513.172, 
                  513.172, 513.172, 513.172, 513.172, 513.172, 
                  513.172, 506.49, 473.045, 499.073, 499.764, 
                  527.198, 530.629, 523.455, 490.584
 StartT_drifted  = 0, 
                  0, 0, 0, 1.24918, 1.24918, 
                  1.24918, 1.24918, 1.24918, 1.24918, 1.24918, 
                  1.24918, 6.76591, 24.0284, 43.2188, 45.6159, 
                  85.4336, 87.8159, 96.1535, 4.957
 StartE_drifted  = 0.135215, 
                  0.182016, 1.1716, 1.17523, 1.08589, 0.967239, 
                  0.962184, 0.00604203, 0.941998, 0.000705659, 0.000210776, 
                  34.4265, 37.2156, 37.2157, 37.2157, 37.2157, 
                  37.2156, 37.2156, 37.2157, 0.942438
 StartP_drifted  = 0.135215, 
                  0.122111, 0.701642, 0.705962, 0.546636, 0.229716, 
                  0.207399, 0.00604203, 0.0676609, 0.000705659, 0.000210776, 
                  0.333113, 0.0878708, 0.1246, 0.102718, 0.108679, 
                  0.0891912, 0.0900801, 0.0950932, 0.073522
 StartPx_drifted = 0.0144301, 
                  0.0676307, -0.186182, -0.539569, -0.493166, 0.0596589, 
                  0.0781566, -0.00550468, 0.0559342, -0.000392042, -8.67901e-05, 
                  -0.234169, 0.0832409, -0.00457482, -0.0676407, 0.0819312, 
                  -0.00250121, -0.0522805, 0.0626731, 0.042217
 StartPy_drifted = -0.0262457, 
                  -0.101407, 0.632709, 0.235613, 0.135253, 0.0933154, 
                  0.0241236, 0.000271655, -0.000762285, -0.000400241, 0.000178452, 
                  -0.0163664, 0.0217264, 0.0149048, 0.0734609, -0.0712557, 
                  0.0504562, 0.0129463, -0.0439348, 0.0378098
 StartPz_drifted = 0.131856, 
                  0.00733744, -0.239411, -0.389531, -0.193144, -0.201252, 
                  -0.190589, -0.00247604, -0.038063, -0.000429028, 7.10568e-05, 
                  0.23635, 0.0178939, -0.123621, 0.0240658, -0.00457492, 
                  -0.073505, 0.072205, -0.0564316, 0.0468362
 EndPointx_drifted = 363.38, 
                  278.822, 276.238, 261.629, 247.824, 293.202, 
                  269.39, 182.757, -227.784, 246.731, 262.54, 
                  261.629, 271.45, 261.687, 249.651, 253.848, 
                  240.94, 239.414, 247.964, 277.327
 EndPointy_drifted = 293.913, 
                  447.7, 456.879, 455.208, 459.603, 481.533, 
                  455.705, 461.977, 607.829, 448.344, 458.332, 
                  455.208, 455.074, 460.507, 479.738, 478.033, 
                  501.738, 500.828, 494.205, 464.235
 EndPointz_drifted = 1298.2, 
                  525.585, 522.346, 513.172, 507.568, 454.869, 
                  490.584, 473.36, 1044.84, 501.738, 516.002, 
                  513.173, 506.49, 473.045, 499.073, 499.764, 
                  527.198, 530.629, 523.455, 499.581
 EndT_drifted    = 0, 
                  0, 0, 0, 1.24918, 1.24918, 
                  1.24918, 1.24918, 1.24918, 1.24918, 1.24918, 
                  1.24918, 6.76591, 24.0284, 43.2188, 45.6159, 
                  85.4336, 87.8159, 96.1535, 4.957
 EndE_drifted    = 0.135215, 
                  0.182016, 0.938272, 0.939565, 0.938272, 0.939565, 
                  0.939565, 0, 0.939589, 0, 0, 
                  34.4248, 37.2155, 37.2155, 37.2155, 37.2155, 
                  37.2155, 37.2155, 37.2155, 0.939565
 EndP_drifted    = 0.135215, 
                  0.122111, 0, 0, 0, 0, 
                  0, 0, 0.00667218, 0, 0, 
                  0, 0, 0, 0, 0, 
                  0, 0, 0, 0
 EndPx_drifted   = 0.0144301, 
                  0.0676307, -0, -0, -0, 0, 
                  0, 0, 0.00503694, -0, 0, 
                  -0, 0, -0, -0, 0, 
                  -0, -0, 0, -0
 EndPy_drifted   = -0.0262457, 
                  -0.101407, 0, 0, 0, 0, 
                  -0, -0, 0.00202494, 0, 0, 
                  -0, 0, 0, 0, -0, 
                  0, 0, -0, 0
 EndPz_drifted   = 0.131856, 
                  0.00733744, -0, -0, -0, -0, 
                  -0, 0, -0.00387903, 0, 0, 
                  0, 0, -0, 0, -0, 
                  -0, 0, -0, -0
 NumberDaughters = 0, 
                  2, 9, 8, 0, 6, 5, 0, 7, 0, 0, 
                  0, 0, 0, 0, 0, 0, 0, 0, 5
 Mother          = 0, 
                  0, 0, 0, 4, 4, 4, 4, 4, 4, 4, 
                  4, 9, 9, 9, 9, 9, 9, 9, 7
 TrackId         = 1, 
                  2, 3, 4, 5, 6, 7, 8, 9, 10, 11, 
                  12, 18, 19, 20, 21, 22, 23, 24, 32
 MergedId        = 0, 
                  0, 0, 0, 0, 0, 0, 0, 0, 0, 0, 
                  0, 0, 0, 0, 0, 0, 0, 0, 0
 origin          = 1, 
                  1, 1, 1, 1, 1, 1, 1, 1, 1, 1, 
                  1, 1, 1, 1, 1, 1, 1, 1, 1
 MCTruthIndex    = 0, 
                  0, 0, 0, 0, 0, 0, 0, 0, 0, 0, 
                  0, 0, 0, 0, 0, 0, 0, 0, 0
 process_primary = 1, 
                  1, 1, 1, 0, 0, 0, 0, 0, 0, 0, 
                  0, 0, 0, 0, 0, 0, 0, 0, 0
 processname_geant = (vector<string>*)0x55d1732e5490
 nPFParticles    = 4
 pfp_selfID      = 0, 
                  1, 2, 3
 pfp_isPrimary   = 0, 
                  0, 0, 1
 pfp_numDaughters = 0, 
                  0, 0, 3
 pfp_daughterIDs = -9999, 
                  -9999, -9999, -9999, -9999, -9999, -9999, -9999, -9999, -9999, -9999, 
                  -9999, -9999, -9999, -9999, -9999, -9999, -9999, -9999, -9999
 pfp_parentID    = 3, 
                  3, 3, -1
 pfp_vertexID    = 0, 
                  1, 2, 3
 pfp_isShower    = 1, 
                  0, 1, 0
 pfp_isTrack     = 0, 
                  1, 0, 0
 pfp_trackID     = 0, 
                  1, 2, -9999
 pfp_showerID    = -999, 
                  -9999, -999, -9999
 pfp_pdgCode     = 11, 
                  13, 11, 12
 pfp_numClusters = 3, 
                  3, 2, 0
 pfp_clusterIDs  = 2, 
                  1, 0, -9999, -9999, -9999, -9999, -9999, -9999, -9999, -9999, 
                  -9999, -9999, -9999, -9999, -9999, -9999, -9999, -9999, -9999
 pfp_isNeutrino  = 0, 
                  0, 0, 1
 pfp_numNeutrinos = 1
 pfp_neutrinoIDs = 3, 
                  -9999, -9999, -9999, -9999
 nshowers_pandoraShower = 3
 showerID_pandoraShower = 0, 
                  1, 2
 shwr_bestplane_pandoraShower = 0, 
                  0, 2
 shwr_length_pandoraShower = 32.9561, 
                  14.8053, 13.17
 shwr_startdcosx_pandoraShower = 0.821299, 
                  -0.884262, 0.134581
 shwr_startdcosy_pandoraShower = -0.569486, 
                  0.275607, -0.978852
 shwr_startdcosz_pandoraShower = 0.0339712, 
                  -0.376989, -0.154069
 shwr_startx_pandoraShower = 289.279, 
                  261.006, 276.128
 shwr_starty_pandoraShower = 438.703, 
                  455.281, 456.835
 shwr_startz_pandoraShower = 528.186, 
                  513.241, 522.796
 shwr_totEng_pandoraShower = 124.747, 
                  108.246, 129.356, 102.619, 86.792, 102.366, 
                  92.8724, -999, 92.5074
 shwr_dedx_pandoraShower = 4.75201, 
                  1.90747, 2.38044, 6.21636, 2.29313, 6.11084, 
                  -999, -999, 0.330997
 shwr_mipEng_pandoraShower = -99999, 
                  -99999, -99999, -99999, -99999, -99999, 
                  -99999, -99999, -99999
 shwr_hasPFParticle_pandoraShower = 1, 
                  1, 1
 shwr_PFParticleID_pandoraShower = 0, 
                  1, 2
 shwr_pidmvamu_pandoraShower = -99999, 
                  -99999, -99999
 shwr_pidmvae_pandoraShower = -99999, 
                  -99999, -99999
 shwr_pidmvapich_pandoraShower = -99999, 
                  -99999, -99999
 shwr_pidmvaphoton_pandoraShower = -99999, 
                  -99999, -99999
 shwr_pidmvapr_pandoraShower = -99999, 
                  -99999, -99999
 ntracks_pandoraTrack = 3
 trkId_pandoraTrack = 0, 
                  1, 2
 trkncosmictags_tagger_pandoraTrack = -9999, 
                  -9999, -9999
 trkcosmicscore_tagger_pandoraTrack = -99999, 
                  -99999, -99999
 trkcosmictype_tagger_pandoraTrack = -9999, 
                  -9999, -9999
 trkncosmictags_containmenttagger_pandoraTrack = -9999, 
                  -9999, -9999
 trkcosmicscore_containmenttagger_pandoraTrack = -99999, 
                  -99999, -99999
 trkcosmictype_containmenttagger_pandoraTrack = -9999, 
                  -9999, -9999
 trkncosmictags_flashmatch_pandoraTrack = -9999, 
                  -9999, -9999
 trkcosmicscore_flashmatch_pandoraTrack = -99999, 
                  -99999, -99999
 trkcosmictype_flashmatch_pandoraTrack = -9999, 
                  -9999, -9999
 trkke_pandoraTrack = 129.837, 
                  110.627, 491.587, 136.646, 103.645, 139.777, 
                  11.9247, -99999, 97.9658
 trkrange_pandoraTrack = 39.3467, 
                  39.1178, 38.1259, 15.0796, 14.2089, 15.0063, 
                  3.27445, -99999, 15.8547
 trkidtruth_pandoraTrack = 320, 
                  320, 320, 5, 5, 5, 178, -1, 178
 trkorigin_pandoraTrack = 1, 
                  1, 1, 1, 1, 1, 1, -1, 1
 trkpdgtruth_pandoraTrack = 22, 
                  22, 22, 2212, 2212, 2212, 2212, -99999, 2212
 trkefftruth_pandoraTrack = 0.864905, 
                  0.856849, 0.738818, 0.918819, 0.824202, 0.762844, 
                  0.964752, -99999, 0.883702
 trkpurtruth_pandoraTrack = 1, 
                  1, 1, 1, 1, 1, 
                  0.506368, -1, 0.503233
 trkpitchc_pandoraTrack = 1.3909, 
                  12.1877, 2.06854, 0.977494, 3.14023, 1.2457, 
                  1.04582, -99999, 1.6218
 ntrkhits_pandoraTrack = 72, 
                  67, 22, 18, 7, 13, 5, -9999, 13
 trkdedx_pandoraTrack = 0.810877, 
                  0.656235, 0.477476, 0.894066, 0.637815, 0.638342, 
                  0.833137, 0.357059, 0.51104, 0.45521, 0.3048, 
                  0.462446, 0.583545, 0.639795, 0.713655, 0.262688, 
                  0.435924, 0.723991, 0.504338, 0.588227
 trkdqdx_pandoraTrack = 90.5703, 
                  67.8625, 40.5039, 102.665, 65.2546, 65.364, 
                  94.0558, 21.1843, 45.8339, 37.0285, 12.5798, 
                  38.2044, 57.1162, 65.7238, 76.7892, 5.54271, 
                  34.0124, 78.3737, 44.8805, 57.9392
 trkresrg_pandoraTrack = 0.00456919, 
                  0.0137076, 4.27767, 4.99151, 5.20562, 5.84363, 
                  5.93234, 6.03291, 6.73336, 6.90351, 7.0439, 
                  7.82281, 8.04984, 8.34142, 8.58305, 9.29532, 
                  9.52359, 9.96439, 10.7226, 11.5676
 trktpc_pandoraTrack = 11, 
                  11, 11, 11, 11, 11, 11, 11, 11, 11, 11, 
                  11, 11, 11, 11, 11, 11, 11, 11, 11
 trkxyz_pandoraTrack = 321.575, 
                  417.697, 530.929, 321.566, 417.699, 530.926, 
                  317.566, 418.72, 529.861, 316.893, 418.957, 
                  529.819, 316.698, 419.043, 529.808, 316.117, 
                  419.307, 529.796, 316.037, 419.345
 trkstartx_pandoraTrack = 289.046, 
                  261.006, 276.158
 trkstarty_pandoraTrack = 438.344, 
                  455.281, 456.682
 trkstartz_pandoraTrack = 527.806, 
                  513.241, 522.792
 trkstartd_pandoraTrack = 74.3306, 
                  102.37, 87.2181
 trkendx_pandoraTrack = 321.575, 
                  247.672, 278.216
 trkendy_pandoraTrack = 417.697, 
                  459.437, 441.313
 trkendz_pandoraTrack = 530.929, 
                  507.556, 520.093
 trkendd_pandoraTrack = 41.8015, 
                  115.704, 85.1604
 trkflashT0_pandoraTrack = -99999, 
                  -99999, -99999
 trktrueT0_pandoraTrack = -99999, 
                  -99999, -99999
 trkg4id_pandoraTrack = 320, 
                  5, 178
 trkorig_pandoraTrack = 1, 
                  1, 1
 trkpurity_pandoraTrack = 1, 
                  1, 0.504864
 trkcompleteness_pandoraTrack = 1, 
                  1, 0.728269
 trktheta_pandoraTrack = 1.36395, 
                  1.95003, 1.59759
 trkphi_pandoraTrack = -0.7024, 
                  2.84508, -1.3795
 trkstartdcosx_pandoraTrack = 0.747023, 
                  -0.888412, 0.190068
 trkstartdcosy_pandoraTrack = -0.632279, 
                  0.271423, -0.981405
 trkstartdcosz_pandoraTrack = 0.205379, 
                  -0.370208, -0.026795
 trkenddcosx_pandoraTrack = 0.939527, 
                  -0.878655, 0.0886539
 trkenddcosy_pandoraTrack = -0.251529, 
                  0.281405, -0.951267
 trkenddcosz_pandoraTrack = 0.232425, 
                  -0.385715, -0.29535
 trkthetaxz_pandoraTrack = 1.3025, 
                  -1.96562, 1.71085
 trkthetayz_pandoraTrack = -1.25672, 
                  2.50895, -1.59809
 trkmom_pandoraTrack = 1, 
                  1, 1
 trkmomrange_pandoraTrack = 0.200049, 
                  0.130418, 0.133069
 trkmommschi2_pandoraTrack = -99999, 
                  -99999, -99999
 trkmommsllhd_pandoraTrack = -99999, 
                  -99999, -99999
 trklen_pandoraTrack = 39.4315, 
                  15.0798, 15.8552
 trksvtxid_pandoraTrack = -1, 
                  -1, -1
 trkevtxid_pandoraTrack = -1, 
                  -1, -1
 trkpidmvamu_pandoraTrack = -99999, 
                  -99999, -99999
 trkpidmvae_pandoraTrack = -99999, 
                  -99999, -99999
 trkpidmvapich_pandoraTrack = -99999, 
                  -99999, -99999
 trkpidmvaphoton_pandoraTrack = -99999, 
                  -99999, -99999
 trkpidmvapr_pandoraTrack = -99999, 
                  -99999, -99999
 trkpidndf_pandoraTrack = 43, 
                  39, 17, 16, 5, 11, 3, -9999, 11
 trkpidchi_pandoraTrack = -99999, 
                  -99999, -99999, -99999, -99999, -99999, 
                  -99999, -99999, -99999
 trkpidchipr_pandoraTrack = 315.809, 
                  414.131, 388.268, 17.3715, 43.6859, 4.1418, 
                  222.45, -99999, 275.625
 trkpidchika_pandoraTrack = 169.526, 
                  162.708, 223.695, 18.2927, 29.2614, 19.9978, 
                  110.705, -99999, 97.0265
 trkpidchipi_pandoraTrack = 48.6898, 
                  48.1891, 75.5376, 42.6521, 23.2015, 63.7029, 
                  22.5974, -99999, 55.7991
 trkpidchimu_pandoraTrack = 30.7427, 
                  31.4069, 44.3663, 47.3641, 31.8308, 59.1643, 
                  12.9611, -99999, 22.3884
 trkpidpida_pandoraTrack = 1.75983, 
                  2.18193, 0.868701, 17.7449, 16.382, 19.0424, 
                  3.09356, -99999, 3.33629
 trkpidbestplane_pandoraTrack = 0, 
                  0, 2
 trkhasPFParticle_pandoraTrack = 1, 
                  1, 1
 trkPFParticleID_pandoraTrack = 0, 
                  1, 2
 nvtx_pandora    = 4
 vtxId_pandora   = 0, 
                  1, 2, 3
 vtxx_pandora    = 289.279, 
                  261.006, 276.128, 277.473
 vtxy_pandora    = 438.703, 
                  455.281, 456.835, 448.944
 vtxz_pandora    = 528.186, 
                  513.241, 522.796, 526.984
 vtxhasPFParticle_pandora = 1, 
                  1, 1, 1
 vtxPFParticleID_pandora = 0, 
                  1, 2, 3
