 run             = 20000063
 subrun          = 9993
 event           = 10
 evttime         = 3.93558e+08
 beamtime        = -99999
 pot             = -99999
 isdata          = 0
 taulife         = 10400
 triggernumber   = 0
 triggertime     = -99999
 beamgatetime    = -99999
 triggerbits     = 0
 potbnb          = 0
 potnumitgt      = 0
 potnumi101      = 0
 nnuvtx          = 1
 nuvtxx          = 291.981
 nuvtxy          = -300.996
 nuvtxz          = 840.181
 nuvtxpdg        = 12
 kNTracker       = 1
 kNVertexAlgos   = 1
 kNShowerAlgos   = 1
 mcevts_truth    = 1
 nuPDG_truth     = -12
 ccnc_truth      = 0
 mode_truth      = 2
 nuWeight_truth  = 3.29053e+07
 enu_truth       = 10.7104
 Q2_truth        = 0.555296
 W_truth         = 2.69128
 X_truth         = 0.080283
 Y_truth         = 0.343903
 hitnuc_truth    = 2212
 nuvtxx_truth    = 289.812
 nuvtxy_truth    = -301.081
 nuvtxz_truth    = 842.386
 nu_dcosx_truth  = 0.821046
 nu_dcosy_truth  = 0.3622
 nu_dcosz_truth  = -0.441255
 lep_mom_truth   = 7.02706
 lep_dcosx_truth = 0.852711
 lep_dcosy_truth = 0.375994
 lep_dcosz_truth = -0.362645
 vx_flux         = -999
 vy_flux         = -999
 vz_flux         = -999
 pdpx_flux       = -999
 pdpy_flux       = -999
 pdpz_flux       = -999
 ppdxdz_flux     = -999
 ppdydz_flux     = -999
 pppz_flux       = -999
 ptype_flux      = -999
 ppvx_flux       = -999
 ppvy_flux       = -999
 ppvz_flux       = -999
 muparpx_flux    = -999
 muparpy_flux    = -999
 muparpz_flux    = -999
 mupare_flux     = -999
 tgen_flux       = -999
 tgptype_flux    = -999
 tgppx_flux      = -999
 tgppy_flux      = -999
 tgppz_flux      = -999
 tprivx_flux     = -999
 tprivy_flux     = -999
 tprivz_flux     = -999
 dk2gen_flux     = -999
 gen2vtx_flux    = 17.572
 tpx_flux        = -999
 tpy_flux        = -999
 tpz_flux        = -999
 tptype_flux     = -999
 genie_no_primaries = 15
 genie_primaries_pdg = -12,
                  1000180400, 2212, 1000170390, -11, 2000000001, 2212, -211, 211, -211, 2212,
                  -211, 211, -211, 2000000002
 genie_Eng       = 10.7104,
                  37.2155, 0.925055, 36.2905, 7.02706, 4.6084,
                  1.10574, 1.55388, 0.901646, 1.04713, 1.10574,
                  1.55388, 0.901646, 1.04713, 36.2905
 genie_Px        = 8.79373,
                  0, 0.129118, -0.129118, 5.99206, 2.93079,
                  0.447414, 0.925683, 0.632984, 0.924713, 0.447414,
                  0.925683, 0.632984, 0.924713, -0.129118
 genie_Py        = 3.87931,
                  0, 0.0622994, -0.0622994, 2.64213, 1.29948,
                  -0.00642421, 0.528949, 0.378381, 0.398569, -0.00642421,
                  0.528949, 0.378381, 0.398569, -0.0622994
 genie_Pz        = -4.72602,
                  0, -0.0717766, 0.0717766, -2.54833, -2.24947,
                  -0.376951, -1.12178, -0.499645, -0.251089, -0.376951,
                  -1.12178, -0.499645, -0.251089, 0.0717766
 genie_P         = 10.7104,
                  0, -nan, 0.223579, 7.02706, 4.6084,
                  0.585075, 1.5476, 0.890779, 1.03778, 0.585075,
                  1.5476, 0.890779, 1.03778, 36.2905
 genie_status_code = 0,
                  0, 11, 2, 1, 12, 14, 14, 14, 14, 1,
                  1, 1, 1, 15
 genie_mass      = 0,
                  37.2155, 0.938272, 36.2898, 0.000510999, 0,
                  0.938272, 0.13957, 0.13957, 0.13957, 0.938272,
                  0.13957, 0.13957, 0.13957, 0
 genie_trackID   = 0,
                  1, 2, 3, 4, 5, 6, 7, 8, 9, 10,
                  11, 12, 13, 14
 genie_ND        = 0,
                  0, 0, 0, 0, 0, 0, 0, 0, 0, 0,
                  0, 0, 0, 0
 genie_mother    = -1,
                  -1, 1, 1, 0, 2, 5, 5, 5, 5, 6,
                  7, 8, 9, 3
 no_primaries    = 5
 geant_list_size = 1326
 geant_list_size_in_tpcAV = 900
 pdg             = -11,
                  2212, -211, 211, -211, 2112, 2212, 2112, 2112, 2112, 2112,
                  2112, 2212, 2112, 2212, 2112, 2212, 22, 2112, 1000020040
 status          = 1,
                  1, 1, 1, 1, 1, 1, 1, 1, 1, 1,
                  1, 1, 1, 1, 1, 1, 1, 1, 1
 Mass            = 0.000510999,
                  0.938272, 0.13957, 0.13957, 0.13957, 0.939565,
                  0.938272, 0.939565, 0.939565, 0.939565, 0.939565,
                  0.939565, 0.938272, 0.939565, 0.938272, 0.939565,
                  0.938272, 0, 0.939565, 3.72738
 Eng             = 7.02706,
                  1.10574, 1.55388, 0.901646, 1.04713, 1.31189,
                  1.12318, 1.09449, 0.996671, 0.956748, 0.950879,
                  0.949618, 0.948043, 0.94878, 0.942561, 0.943124,
                  0.940353, 0.00107805, 0.940147, 3.73659
 EndE            = 0.000510999,
                  0.938272, 0.13957, 0.13957, 0.13957, 0.939565,
                  0.938272, 0.939565, 0.939565, 0.939565, 0.939565,
                  0.939565, 0.938272, 0.939565, 0.938272, 0.939565,
                  0.938272, 0, 0.939567, 3.72738
 Px              = 5.99206,
                  0.447414, 0.925683, 0.632984, 0.924713, 0.299625,
                  -0.0210161, 0.518501, 0.29801, 0.0696235, 0.012122,
                  -0.0353563, -0.0710281, 0.0761577, -0.0111787, -0.0609826,
                  0.0369985, 0.000224193, 0.00718887, -0.0731712
 Py              = 2.64213,
                  -0.00642421, 0.528949, 0.378381, 0.398569, 0.0163408,
                  0.168372, 0.215131, -0.132776, 0.082348, -0.140596,
                  0.00780572, -0.0381562, 0.0462702, -0.0590019, -0.022984,
                  0.0273106, -0.000975952, 0.0223573, -0.0857667
 Pz              = -2.54833,
                  -0.376951, -1.12178, -0.499645, -0.251089, -0.865009,
                  0.593627, -0.000829544, 0.0642705, 0.14476, -0.0383931,
                  -0.132969, 0.10923, -0.0972602, -0.0667864, 0.0495326,
                  0.0423571, -0.000399301, -0.0232816, -0.236737
 P               = 7.02706,
                  0.585075, 1.5476, 0.890779, 1.03778, 0.915578,
                  0.617401, 0.56136, 0.332521, 0.18051, 0.146247,
                  0.13781, 0.135765, 0.131911, 0.0898143, 0.0818573,
                  0.062521, 0.00107805, 0.0330691, 0.262211
 StartPointx     = 289.812,
                  289.812, 289.812, 289.812, 289.812, 315.484,
                  315.484, 315.484, 315.484, 315.484, 315.484,
                  315.484, 315.484, 315.484, 315.484, 315.484,
                  315.484, 315.484, 315.484, 315.484
 StartPointy     = -301.081,
                  -301.081, -301.081, -301.081, -301.081, -289.98,
                  -289.98, -289.98, -289.98, -289.98, -289.98,
                  -289.98, -289.98, -289.98, -289.98, -289.98,
                  -289.98, -289.98, -289.98, -289.98
 StartPointz     = 842.386,
                  842.386, 842.386, 842.386, 842.386, 835.286,
                  835.286, 835.286, 835.286, 835.286, 835.286,
                  835.286, 835.286, 835.286, 835.286, 835.286,
                  835.286, 835.286, 835.286, 835.286
 StartT          = 0,
                  0, 0, 0, 0, 0.971825,
                  0.971825, 0.971825, 0.971825, 0.971825, 0.971825,
                  0.971825, 0.971825, 0.971825, 0.971825, 0.971825,
                  0.971825, 0.971825, 0.971825, 0.971825
 EndPointx       = 310.639,
                  304.929, 335.25, 292.328, 315.484, 320.998,
                  315.715, 331.927, 339.53, 323.11, 323.65,
                  312.637, 315.415, 318.08, 315.48, 306.605,
                  315.49, 331.779, 410.47, 315.481
 EndPointy       = -292.457,
                  -300.564, -275.96, -299.583, -289.98, -289.071,
                  -286.19, -283.158, -302.809, -281.661, -384.695,
                  -289.351, -290.022, -288.403, -290.001, -293.042,
                  -289.976, -318.947, -533.857, -289.984
 EndPointz       = 833.744,
                  831.068, 787.039, 840.414, 835.286, 815.52,
                  857.581, 835.26, 839.666, 866.289, 809.422,
                  824.578, 835.386, 831.971, 835.262, 856.537,
                  835.293, 852.459, 903.072, 835.275
 EndT            = 0.844744,
                  1.58546, 2.54304, 0.119213, 0.971825, 1.95519,
                  2.81247, 2.12964, 3.80946, 6.96491, 22.3397,
                  3.52274, 1.00968, 2.05063, 0.985234, 12.6148,
                  0.976675, 2.59356, 10558, 0.978073
 theta           = 1.9419,
                  2.27087, 2.38162, 2.16628, 1.81517, 2.80768,
                  0.27841, 1.57227, 1.37629, 0.640249, 1.83643,
                  2.87574, 0.635874, 2.39989, 2.40924, 0.920894,
                  0.826457, 1.95023, 2.35185, 2.69715
 phi             = 0.415294,
                  -0.0143575, 0.519136, 0.538781, 0.406958, 0.0544833,
                  1.69497, 0.393293, -0.419142, 0.868932, -1.48479,
                  2.92431, -2.64863, 0.545958, -1.75804, -2.78116,
                  0.635877, -1.345, 1.25969, -2.27711
 theta_xz        = 1.97291,
                  2.27093, 2.45168, 2.23901, 1.83593, 2.80814,
                  -0.035388, 1.5724, 1.35838, 0.448299, 2.83577,
                  -2.88171, -0.57656, 2.47729, -2.97575, -0.888636,
                  0.717973, 2.62999, 2.8421, -2.84183
 theta_yz        = 2.33812,
                  -3.12455, 2.70098, 2.49344, 2.13297, 3.1227,
                  0.276374, 1.57465, -1.11999, 0.517207, -1.83737,
                  3.08296, -0.336069, 2.69754, -2.418, -0.43445,
                  0.572689, -1.95916, 2.37644, -2.79401
 pathlen         = 24.4653,
                  18.9077, 75.8926, 3.53055, 28.8568, 20.5733,
                  22.9957, 17.8024, 28.3544, 33.8414, 98.5216,
                  11.098, 0.128425, 4.49643, 0.0318809, 29.951,
                  0.00966726, 48.6184, 339.149, 0.0119366
 inTPCActive     = 1,
                  1, 1, 1, 1, 1, 1, 1, 1, 1, 1,
                  1, 1, 1, 1, 1, 1, 1, 1, 1
 StartPointx_tpcAV = 289.812,
                  289.812, 289.812, 289.812, 289.812, 315.484,
                  315.484, 315.484, 315.484, 315.484, 315.484,
                  315.484, 315.484, 315.484, 315.484, 315.484,
                  315.484, 315.484, 315.484, 315.484
 StartPointy_tpcAV = -301.081,
                  -301.081, -301.081, -301.081, -301.081, -289.98,
                  -289.98, -289.98, -289.98, -289.98, -289.98,
                  -289.98, -289.98, -289.98, -289.98, -289.98,
                  -289.98, -289.98, -289.98, -289.98
 StartPointz_tpcAV = 842.386,
                  842.386, 842.386, 842.386, 842.386, 835.286,
                  835.286, 835.286, 835.286, 835.286, 835.286,
                  835.286, 835.286, 835.286, 835.286, 835.286,
                  835.286, 835.286, 835.286, 835.286
 StartT_tpcAV    = 0,
                  0, 0, 0, 0, 0.971825,
                  0.971825, 0.971825, 0.971825, 0.971825, 0.971825,
                  0.971825, 0.971825, 0.971825, 0.971825, 0.971825,
                  0.971825, 0.971825, 0.971825, 0.971825
 StartE_tpcAV    = 7.02706,
                  1.10574, 1.55388, 0.901646, 1.04713, 1.31189,
                  1.12318, 1.09449, 0.996671, 0.956748, 0.950879,
                  0.949618, 0.948043, 0.94878, 0.942561, 0.943124,
                  0.940353, 0.00107805, 0.940147, 3.73659
 StartP_tpcAV    = 7.02706,
                  0.585075, 1.5476, 0.890779, 1.03778, 0.915578,
                  0.617401, 0.56136, 0.332521, 0.18051, 0.146247,
                  0.13781, 0.135765, 0.131911, 0.0898143, 0.0818573,
                  0.062521, 0.00107805, 0.0330691, 0.262211
 StartPx_tpcAV   = 5.99206,
                  0.447414, 0.925683, 0.632984, 0.924713, 0.299625,
                  -0.0210161, 0.518501, 0.29801, 0.0696235, 0.012122,
                  -0.0353563, -0.0710281, 0.0761577, -0.0111787, -0.0609826,
                  0.0369985, 0.000224193, 0.00718887, -0.0731712
 StartPy_tpcAV   = 2.64213,
                  -0.00642421, 0.528949, 0.378381, 0.398569, 0.0163408,
                  0.168372, 0.215131, -0.132776, 0.082348, -0.140596,
                  0.00780572, -0.0381562, 0.0462702, -0.0590019, -0.022984,
                  0.0273106, -0.000975952, 0.0223573, -0.0857667
 StartPz_tpcAV   = -2.54833,
                  -0.376951, -1.12178, -0.499645, -0.251089, -0.865009,
                  0.593627, -0.000829544, 0.0642705, 0.14476, -0.0383931,
                  -0.132969, 0.10923, -0.0972602, -0.0667864, 0.0495326,
                  0.0423571, -0.000399301, -0.0232816, -0.236737
 EndPointx_tpcAV = 310.639,
                  304.929, 335.25, 292.328, 315.484, 320.998,
                  315.715, 331.927, 339.53, 323.11, 323.65,
                  312.637, 315.415, 318.08, 315.48, 306.605,
                  315.49, 331.779, 363.376, 315.481
 EndPointy_tpcAV = -292.457,
                  -300.564, -275.96, -299.583, -289.98, -289.071,
                  -286.19, -283.158, -302.809, -281.661, -384.695,
                  -289.351, -290.022, -288.403, -290.001, -293.042,
                  -289.976, -318.947, -263.2, -289.984
 EndPointz_tpcAV = 833.744,
                  831.068, 787.039, 840.414, 835.286, 815.52,
                  857.581, 835.26, 839.666, 866.289, 809.422,
                  824.578, 835.386, 831.971, 835.262, 856.537,
                  835.293, 852.459, 798.612, 835.275
 EndT_tpcAV      = 0.844744,
                  1.58546, 2.54304, 0.119213, 0.971825, 1.95519,
                  2.81247, 2.12964, 3.80946, 6.96491, 22.3397,
                  3.52274, 1.00968, 2.05063, 0.985234, 12.6148,
                  0.976675, 2.59356, 402.204, 0.978073
 EndE_tpcAV      = 0.000510999,
                  0.938272, 0.13957, 0.13957, 0.13957, 0.939565,
                  0.938272, 0.939565, 0.939565, 0.939565, 0.939565,
                  0.939565, 0.938272, 0.939565, 0.938272, 0.939565,
                  0.938272, 0, 0.939794, 3.72738
 EndP_tpcAV      = 0,
                  0, 0, 0, 0, 0,
                  0, 0, 0, 0, 0,
                  0, 0, 0, 0, 0,
                  0, 0, 0.0207163, 0
 EndPx_tpcAV     = -0,
                  0, 0, 0, 0, 0,
                  0, 0, 0, 0, 0,
                  -0, -0, 0, 0, -0,
                  0, 0, 0.0187961, -0
 EndPy_tpcAV     = -0,
                  -0, 0, 0, 0, 0,
                  -0, 0, -0, 0, -0,
                  0, -0, 0, 0, 0,
                  0, -0, -0.00770056, -0
 EndPz_tpcAV     = 0,
                  -0, -0, -0, -0, -0,
                  0, -0, 0, 0, -0,
                  -0, 0, -0, -0, 0,
                  0, 0, 0.00407137, -0
 pathlen_drifted = 24.4654,
                  18.9079, 75.8928, 3.53056, 28.857, 20.5733,
                  22.9957, 17.8026, 28.3548, 33.8416, 98.5219,
                  11.0979, 0.128421, 4.49653, 0.0318806, 29.9505,
                  0.00966772, 48.6185, 339.161, 0.0119364
 inTPCDrifted    = 1,
                  1, 1, 1, 1, 1, 1, 1, 1, 1, 1,
                  1, 1, 1, 1, 1, 1, 1, 1, 1
 StartPointx_drifted = 289.812,
                  289.812, 289.812, 289.812, 289.812, 315.484,
                  315.484, 315.484, 315.484, 315.484, 315.484,
                  315.484, 315.484, 315.484, 315.484, 315.484,
                  315.484, 315.484, 315.484, 315.484
 StartPointy_drifted = -301.081,
                  -301.081, -301.081, -301.081, -301.081, -289.98,
                  -289.98, -289.98, -289.98, -289.98, -289.98,
                  -289.98, -289.98, -289.98, -289.98, -289.98,
                  -289.98, -289.98, -289.98, -289.98
 StartPointz_drifted = 842.386,
                  842.386, 842.386, 842.386, 842.386, 835.286,
                  835.286, 835.286, 835.286, 835.286, 835.286,
                  835.286, 835.286, 835.286, 835.286, 835.286,
                  835.286, 835.286, 835.286, 835.286
 StartT_drifted  = 0,
                  0, 0, 0, 0, 0.971825,
                  0.971825, 0.971825, 0.971825, 0.971825, 0.971825,
                  0.971825, 0.971825, 0.971825, 0.971825, 0.971825,
                  0.971825, 0.971825, 0.971825, 0.971825
 StartE_drifted  = 7.02706,
                  1.10574, 1.55388, 0.901646, 1.04713, 1.31189,
                  1.12318, 1.09449, 0.996671, 0.956748, 0.950879,
                  0.949618, 0.948043, 0.94878, 0.942561, 0.943124,
                  0.940353, 0.00107805, 0.940147, 3.73659
 StartP_drifted  = 7.02706,
                  0.585075, 1.5476, 0.890779, 1.03778, 0.915578,
                  0.617401, 0.56136, 0.332521, 0.18051, 0.146247,
                  0.13781, 0.135765, 0.131911, 0.0898143, 0.0818573,
                  0.062521, 0.00107805, 0.0330691, 0.262211
 StartPx_drifted = 5.99206,
                  0.447414, 0.925683, 0.632984, 0.924713, 0.299625,
                  -0.0210161, 0.518501, 0.29801, 0.0696235, 0.012122,
                  -0.0353563, -0.0710281, 0.0761577, -0.0111787, -0.0609826,
                  0.0369985, 0.000224193, 0.00718887, -0.0731712
 StartPy_drifted = 2.64213,
                  -0.00642421, 0.528949, 0.378381, 0.398569, 0.0163408,
                  0.168372, 0.215131, -0.132776, 0.082348, -0.140596,
                  0.00780572, -0.0381562, 0.0462702, -0.0590019, -0.022984,
                  0.0273106, -0.000975952, 0.0223573, -0.0857667
 StartPz_drifted = -2.54833,
                  -0.376951, -1.12178, -0.499645, -0.251089, -0.865009,
                  0.593627, -0.000829544, 0.0642705, 0.14476, -0.0383931,
                  -0.132969, 0.10923, -0.0972602, -0.0667864, 0.0495326,
                  0.0423571, -0.000399301, -0.0232816, -0.236737
 EndPointx_drifted = 310.639,
                  304.929, 335.25, 292.328, 315.484, 320.998,
                  315.716, 331.928, 339.53, 323.111, 323.654,
                  312.637, 315.415, 318.08, 315.48, 306.607,
                  315.49, 331.78, 363.441, 315.481
 EndPointy_drifted = -292.457,
                  -300.564, -275.96, -299.583, -289.98, -289.071,
                  -286.19, -283.158, -302.809, -281.661, -384.695,
                  -289.351, -290.022, -288.403, -290.001, -293.042,
                  -289.976, -318.947, -263.2, -289.984
 EndPointz_drifted = 833.744,
                  831.068, 787.039, 840.414, 835.286, 815.52,
                  857.581, 835.26, 839.666, 866.289, 809.422,
                  824.578, 835.386, 831.971, 835.262, 856.537,
                  835.293, 852.459, 798.612, 835.275
 EndT_drifted    = 0,
                  0, 0, 0, 0, 0.971825,
                  0.971825, 0.971825, 0.971825, 0.971825, 0.971825,
                  0.971825, 0.971825, 0.971825, 0.971825, 0.971825,
                  0.971825, 0.971825, 0.971825, 0.971825
 EndE_drifted    = 0.000510999,
                  0.938272, 0.13957, 0.13957, 0.13957, 0.939565,
                  0.938272, 0.939565, 0.939565, 0.939565, 0.939565,
                  0.939565, 0.938272, 0.939565, 0.938272, 0.939565,
                  0.938272, 0, 0.939794, 3.72738
 EndP_drifted    = 0,
                  0, 0, 0, 0, 0,
                  0, 0, 0, 0, 0,
                  0, 0, 0, 0, 0,
                  0, 0, 0.0207163, 0
 EndPx_drifted   = -0,
                  0, 0, 0, 0, 0,
                  0, 0, 0, 0, 0,
                  -0, -0, 0, 0, -0,
                  0, 0, 0.0187961, -0
 EndPy_drifted   = -0,
                  -0, 0, 0, 0, 0,
                  -0, 0, -0, 0, -0,
                  0, -0, 0, 0, 0,
                  0, -0, -0.00770056, -0
 EndPz_drifted   = 0,
                  -0, -0, -0, -0, -0,
                  0, -0, 0, 0, -0,
                  -0, 0, -0, -0, 0,
                  0, 0, 0.00407137, -0
 NumberDaughters = 18,
                  0, 12, 11, 16, 14, 2, 7, 6, 5, 5,
                  6, 0, 4, 0, 5, 0, 0, 0, 0
 Mother          = 0,
                  0, 0, 0, 0, 5, 5, 5, 5, 5, 5,
                  5, 5, 5, 5, 5, 5, 5, 5, 5
 TrackId         = 1,
                  2, 3, 4, 5, 14, 15, 16, 17, 18, 19,
                  20, 21, 22, 23, 24, 25, 26, 27, 28
 MergedId        = 0,
                  0, 0, 0, 0, 0, 0, 0, 0, 0, 0,
                  0, 0, 0, 0, 0, 0, 0, 0, 0
 origin          = 1,
                  1, 1, 1, 1, 1, 1, 1, 1, 1, 1,
                  1, 1, 1, 1, 1, 1, 1, 1, 1
 MCTruthIndex    = 0,
                  0, 0, 0, 0, 0, 0, 0, 0, 0, 0,
                  0, 0, 0, 0, 0, 0, 0, 0, 0
 process_primary = 1,
                  1, 1, 1, 1, 0, 0, 0, 0, 0, 0,
                  0, 0, 0, 0, 0, 0, 0, 0, 0
 processname_geant = (vector<string>*)0x3b33710
 nPFParticles    = 7
 pfp_selfID      = 0,
                  1, 2, 3, 4, 5, 6
 pfp_isPrimary   = 0,
                  0, 0, 0, 0, 0, 1
 pfp_numDaughters = 0,
                  0, 0, 0, 0, 0, 6
 pfp_daughterIDs = -9999,
                  -9999, -9999, -9999, -9999, -9999, -9999, -9999, -9999, -9999, -9999,
                  -9999, -9999, -9999, -9999, -9999, -9999, -9999, -9999, -9999
 pfp_parentID    = 6,
                  6, 6, 6, 6, 6, -1
 pfp_vertexID    = 0,
                  1, 2, 3, 4, 5, 6
 pfp_isShower    = 1,
                  0, 0, 0, 0, 0, 0
 pfp_isTrack     = 0,
                  1, 1, 1, 1, 1, 0
 pfp_trackID     = -9999,
                  1, 2, 3, 4, 5, -9999
 pfp_showerID    = -999,
                  -9999, -9999, -9999, -9999, -9999, -9999
 pfp_pdgCode     = 11,
                  13, 13, 13, 13, 13, 12
 pfp_numClusters = 3,
                  3, 3, 3, 2, 3, 0
 pfp_clusterIDs  = 2,
                  1, 0, -9999, -9999, -9999, -9999, -9999, -9999, -9999, -9999,
                  -9999, -9999, -9999, -9999, -9999, -9999, -9999, -9999, -9999
 pfp_isNeutrino  = 0,
                  0, 0, 0, 0, 0, 1
 pfp_numNeutrinos = 1
 pfp_neutrinoIDs = 6,
                  -9999, -9999, -9999, -9999
 nshowers_pandoraShower = 6
 showerID_pandoraShower = -999,
                  -999, -999, -999, -999, -999
 shwr_bestplane_pandoraShower = 0,
                  0, 1, 2, 2, 0
 shwr_length_pandoraShower = 84.4553,
                  64.3428, 21.609, 14.4735, 19.6438, 2.42333
 shwr_startdcosx_pandoraShower = 0.726667,
                  0.600764, -0.0101096, -0.107358, 0.65773, -0.257558
 shwr_startdcosy_pandoraShower = 0.562627,
                  0.326653, 0.233772, 0.0469545, 0.595013, -0.888212
 shwr_startdcosz_pandoraShower = -0.394215,
                  -0.729644, 0.972239, -0.993111, -0.4619, -0.380452
 shwr_startx_pandoraShower = 292.756,
                  291.887, 315.197, 292.059, 291.682, 290.68
 shwr_starty_pandoraShower = -300.234,
                  -299.766, -291.378, -299.594, -299.52, -301.283
 shwr_startz_pandoraShower = 840.615,
                  839.352, 835.303, 839.551, 840.135, 841.211
 shwr_totEng_pandoraShower = 1848.27,
                  720.491, 2553.1, 218.315, 294.759, 194.622,
                  149.877, 145.399, 142.775, 95.0583, 105.254,
                  100.787, -999, 38.725, 96.012, 47.4753,
                  18.4141, 32.5585
 shwr_dedx_pandoraShower = 3.91945,
                  -999, 3.52568, 2.08829, 4.90681, 1.83342,
                  5.2299, 5.32029, 5.00372, 6.51485, 5.94415,
                  6.09955, -999, -999, 4.3105, 4.39152,
                  -999, -999
 shwr_mipEng_pandoraShower = -99999,
                  -99999, -99999, -99999, -99999, -99999,
                  -99999, -99999, -99999, -99999, -99999,
                  -99999, -99999, -99999, -99999, -99999,
                  -99999, -99999
 shwr_hasPFParticle_pandoraShower = 1,
                  1, 1, 1, 1, 1
 shwr_PFParticleID_pandoraShower = 0,
                  0, 0, 0, 0, 0
 shwr_pidmvamu_pandoraShower = -99999,
                  -99999, -99999, -99999, -99999, -99999
 shwr_pidmvae_pandoraShower = -99999,
                  -99999, -99999, -99999, -99999, -99999
 shwr_pidmvapich_pandoraShower = -99999,
                  -99999, -99999, -99999, -99999, -99999
 shwr_pidmvaphoton_pandoraShower = -99999,
                  -99999, -99999, -99999, -99999, -99999
 shwr_pidmvapr_pandoraShower = -99999,
                  -99999, -99999, -99999, -99999, -99999
 ntracks_pandoraTrack = 6
 trkId_pandoraTrack = 0,
                  1, 2, 3, 4, 5
 trkncosmictags_tagger_pandoraTrack = -9999,
                  -9999, -9999, -9999, -9999, -9999
 trkcosmicscore_tagger_pandoraTrack = -99999,
                  -99999, -99999, -99999, -99999, -99999
 trkcosmictype_tagger_pandoraTrack = -9999,
                  -9999, -9999, -9999, -9999, -9999
 trkncosmictags_containmenttagger_pandoraTrack = -9999,
                  -9999, -9999, -9999, -9999, -9999
 trkcosmicscore_containmenttagger_pandoraTrack = -99999,
                  -99999, -99999, -99999, -99999, -99999
 trkcosmictype_containmenttagger_pandoraTrack = -9999,
                  -9999, -9999, -9999, -9999, -9999
 trkncosmictags_flashmatch_pandoraTrack = -9999,
                  -9999, -9999, -9999, -9999, -9999
 trkcosmicscore_flashmatch_pandoraTrack = -99999,
                  -99999, -99999, -99999, -99999, -99999
 trkcosmictype_flashmatch_pandoraTrack = -9999,
                  -9999, -9999, -9999, -9999, -9999
 trkke_pandoraTrack = 273686,
                  1014.52, 2.41986e+07, 179.859, 252.423, 169.537,
                  168.036, 217.832, 193.936, 140.187, 171.165,
                  145.545, -99999, 103.253, 112.524, 21.9996,
                  -999, -999
 trkrange_pandoraTrack = 107.244,
                  96.0719, 104.302, 71.8254, 69.8052, 69.866,
                  23.1295, 23.3988, 23.0833, 13.4509, 15.4217,
                  15.4717, -99999, 20.1244, 15.8234, 1.75931,
                  -999, -999
 trkidtruth_pandoraTrack = 1,
                  1, 1, 3, 3, 3, 15, 15, 15, 1483, 1483,
                  1483, -1, 1, 2, 3, 3, 3
 trkorigin_pandoraTrack = 1,
                  1, 1, 1, 1, 1, 1, 1, 1, 1, 1,
                  1, -1, 1, 1, 1, 1, 1
 trkpdgtruth_pandoraTrack = -11,
                  -11, -11, -211, -211, -211, 2212, 2212, 2212, 2212, 2212,
                  2212, -99999, -11, 2212, -211, -211, -211
 trkefftruth_pandoraTrack = 0.700697,
                  0.533118, 0.809616, 0.853715, 0.839868, 0.700058,
                  0.931389, 1.02005, 0.968074, 0.963038, 0.949859,
                  0.985765, -99999, 0.0141537, 0.68922, 0.0666769,
                  0.0539373, 0.068617
 trkpurtruth_pandoraTrack = 0.864195,
                  0.979892, 0.929714, 0.814491, 0.518783, 0.894508,
                  0.720483, 0.818263, 0.774119, 1, 0.919733,
                  0.974634, -1, 0.511213, 0.969205, 0.369715,
                  0.504803, 0.513904
 trkpitchc_pandoraTrack = 1.08385,
                  0.640647, 4.4065, 0.598662, 1.19749, 0.665065,
                  0.720341, 0.506547, 0.495425, 0.571953, 0.588099,
                  0.483183, -99999, 8.7931, 1.02251, 2.22734,
                  0, 0
 ntrkhits_pandoraTrack = 406,
                  253, 238, 126, 70, 107, 34, 47, 48, 26, 26,
                  32, -9999, 17, 17, 2, 0, 0
 trkdedx_pandoraTrack = 1.35963,
                  0.796108, 2.05202, 0.336781, 0.70658, 3.32944,
                  29.6915, 6.39399, 58.7931, 0.257907, 0.596956,
                  0.662722, 1.56015, 19.7868, 0.945707, 0.242402,
                  0.586175, 2.85921, 1.00111, 3.08054
 trkdqdx_pandoraTrack = 160.465,
                  86.3084, 239.529, 17.3711, 73.57, 360.876,
                  1248.47, 573.655, 1593.79, 4.59858, 57.5146,
                  67.2078, 184.635, 1053.16, 107.047, 2.05257,
                  55.934, 319.536, 114.605, 339.82
 trkresrg_pandoraTrack = 0.71476,
                  2.14428, 2.83357, 3.16548, 3.4004, 3.98871,
                  4.19061, 4.34192, 4.4634, 4.70969, 5.52118,
                  5.54746, 5.63654, 5.9768, 6.19484, 7.80537,
                  7.96642, 8.95117, 9.6564, 13.6527
 trktpc_pandoraTrack = 13,
                  13, 13, 13, 13, 13, 13, 13, 13, 13, 13,
                  13, 13, 13, 13, 13, 13, 13, 13, 13
 trkxyz_pandoraTrack = 362.087,
                  -235.978, 806.261, 361.798, -237.353, 805.999,
                  361.651, -238.016, 805.881, 361.568, -238.335,
                  805.841, 361.51, -238.561, 805.811, 361.36,
                  -239.126, 805.745, 361.309, -239.32
 trkstartx_pandoraTrack = 292.827,
                  291.887, 315.197, 292.059, 291.682, 290.68
 trkstarty_pandoraTrack = -300.194,
                  -299.766, -291.378, -299.594, -299.52, -301.283
 trkstartz_pandoraTrack = 840.593,
                  839.352, 835.303, 839.551, 840.135, 841.211
 trkstartd_pandoraTrack = 70.5489,
                  71.4894, 48.1787, 71.317, 71.6936, 72.6961
 trkendx_pandoraTrack = 362.541,
                  334.949, 315.226, 290.452, 304.727, 290.056
 trkendy_pandoraTrack = -232.817,
                  -276.03, -285.861, -298.787, -287.343, -303.436
 trkendz_pandoraTrack = 807.029,
                  787.004, 858.05, 824.093, 830.882, 840.289
 trkendd_pandoraTrack = 0.834577,
                  28.4272, 48.1496, 72.9242, 58.6492, 73.3203
 trkflashT0_pandoraTrack = -99999,
                  -99999, -99999, -99999, -99999, -99999
 trktrueT0_pandoraTrack = -99999,
                  -99999, -99999, -99999, -99999, -99999
 trkg4id_pandoraTrack = 1,
                  3, 15, 1483, 2, 3
 trkorig_pandoraTrack = 1,
                  1, 1, 1, 1, 1
 trkpurity_pandoraTrack = 0.918112,
                  0.69387, 0.770344, 0.963903, 0.635954, 0.449784
 trkcompleteness_pandoraTrack = 0.979023,
                  0.900801, 1, 0.991984, 0.270876, 0.0712136
 trktheta_pandoraTrack = 1.85512,
                  2.38377, 0.251228, 3.02627, 2.03504, 1.96106
 trkphi_pandoraTrack = 0.487082,
                  0.548895, 1.7764, 2.28262, 0.842383, -1.85304
 trkstartdcosx_pandoraTrack = 0.848222,
                  0.586375, -0.0507529, -0.0751656, 0.595232, -0.257569
 trkstartdcosy_pandoraTrack = 0.449257,
                  0.358618, 0.243357, 0.0871286, 0.667252, -0.888217
 trkstartdcosz_pandoraTrack = -0.280513,
                  -0.726331, 0.968608, -0.993357, -0.447744, -0.380433
 trkenddcosx_pandoraTrack = 0.17163,
                  0.608332, 0.107669, -0.131408, 0.682051, -0.257569
 trkenddcosy_pandoraTrack = 0.963723,
                  0.334042, 0.234442, 0.0191649, 0.56126, -0.888217
 trkenddcosz_pandoraTrack = 0.204405,
                  -0.719964, 0.966149, -0.991143, -0.468821, -0.380433
 trkthetaxz_pandoraTrack = 1.89018,
                  2.46241, -0.0523499, -3.06607, 2.21571, -2.54644
 trkthetayz_pandoraTrack = 2.12896,
                  2.68297, 0.24615, 3.05411, 2.16181, -1.97547
 trkmom_pandoraTrack = 1,
                  1, 1, 1, 1, 1
 trkmomrange_pandoraTrack = 0.365128,
                  0.277041, 0.156687, 0.132111, 0.146755, 0.0684258
 trkmommschi2_pandoraTrack = -99999,
                  -99999, -99999, -99999, -99999, -99999
 trkmommsllhd_pandoraTrack = -99999,
                  -99999, -99999, -99999, -99999, -99999
 trklen_pandoraTrack = 111.411,
                  71.8255, 23.4472, 15.5729, 20.1265, 2.42332
 trksvtxid_pandoraTrack = -1,
                  -1, -1, -1, -1, -1
 trkevtxid_pandoraTrack = -1,
                  -1, -1, -1, -1, -1
 trkpidmvamu_pandoraTrack = -99999,
                  -99999, -99999, -99999, -99999, -99999
 trkpidmvae_pandoraTrack = -99999,
                  -99999, -99999, -99999, -99999, -99999
 trkpidmvapich_pandoraTrack = -99999,
                  -99999, -99999, -99999, -99999, -99999
 trkpidmvaphoton_pandoraTrack = -99999,
                  -99999, -99999, -99999, -99999, -99999
 trkpidmvapr_pandoraTrack = -99999,
                  -99999, -99999, -99999, -99999, -99999
 trkpidndf_pandoraTrack = 33,
                  31, 41, 48, 26, 38, 32, 45, 46, 24, 24,
                  30, -9999, 15, 15, -9999, -9999, -9999
 trkpidchi_pandoraTrack = -99999,
                  -99999, -99999, -99999, -99999, -99999,
                  -99999, -99999, -99999, -99999, -99999,
                  -99999, -99999, -99999, -99999, -99999,
                  -99999, -99999
 trkpidchipr_pandoraTrack = 246.883,
                  339.62, 272.706, 223.04, 231.943, 180.005,
                  7.51183, 6.08439, 2.55366, 5.07507, 10.9289,
                  3.58472, -99999, 416.874, 11.5419, -99999,
                  -99999, -99999
 trkpidchika_pandoraTrack = 105.751,
                  144.979, 169.358, 79.9564, 109.647, 86.0382,
                  17.4819, 20.1524, 15.7035, 18.5199, 19.2971,
                  16.818, -99999, 211.155, 0.555293, -99999,
                  -99999, -99999
 trkpidchipi_pandoraTrack = 40.4003,
                  47.779, 46.2836, 14.905, 20.254, 17.1828,
                  43.8054, 48.877, 49.423, 48.8534, 52.3234,
                  49.8362, -99999, 77.6818, 17.6102, -99999,
                  -99999, -99999
 trkpidchimu_pandoraTrack = 22.3885,
                  29.0402, 33.5095, 9.77228, 13.8115, 11.9004,
                  51.1663, 53.7966, 51.6648, 54.5143, 55.7952,
                  52.5362, -99999, 44.0324, 23.6681, -99999,
                  -99999, -99999
 trkpidpida_pandoraTrack = 5.00381,
                  2.43474, 3.21736, 5.93326, 4.91129, 6.20624,
                  18.7129, 18.7147, 17.9178, 19.4898, 19.1502,
                  18.3322, -99999, 0.726779, 13.625, -99999,
                  -99999, -99999
 trkpidbestplane_pandoraTrack = 0,
                  0, 2, 2, 2, 0
 trkhasPFParticle_pandoraTrack = 0,
                  1, 1, 1, 1, 1
 trkPFParticleID_pandoraTrack = -1,
                  1, 2, 3, 4, 5
 nvtx_pandora    = 7
 vtxId_pandora   = 0,
                  1, 2, 3, 4, 5, 6
 vtxx_pandora    = 292.756,
                  291.887, 315.197, 292.059, 291.682, 290.68,
                  291.981
 vtxy_pandora    = -300.234,
                  -299.766, -291.378, -299.594, -299.52, -301.283,
                  -300.996
 vtxz_pandora    = 840.615,
                  839.352, 835.303, 839.551, 840.135, 841.211,
                  840.181
 vtxhasPFParticle_pandora = 1,
                  1, 1, 1, 1, 1, 1
 vtxPFParticleID_pandora = 0,
                  1, 2, 3, 4, 5, 6
